{"C:\\Users\\Caca\\Desktop\\Bootcamp\\p3\\DinasQ-Team1-Server\\App.js": {"path":"C:\\Users\\Caca\\Desktop\\Bootcamp\\p3\\DinasQ-Team1-Server\\App.js","statementMap":{"0":{"start":{"line":1,"column":0},"end":{"line":1,"column":27}},"1":{"start":{"line":2,"column":16},"end":{"line":2,"column":34}},"2":{"start":{"line":3,"column":12},"end":{"line":3,"column":21}},"3":{"start":{"line":4,"column":13},"end":{"line":4,"column":28}},"4":{"start":{"line":5,"column":13},"end":{"line":5,"column":37}},"5":{"start":{"line":6,"column":15},"end":{"line":6,"column":34}},"6":{"start":{"line":7,"column":21},"end":{"line":7,"column":58}},"7":{"start":{"line":9,"column":0},"end":{"line":9,"column":16}},"8":{"start":{"line":10,"column":0},"end":{"line":10,"column":49}},"9":{"start":{"line":11,"column":0},"end":{"line":11,"column":24}},"10":{"start":{"line":13,"column":0},"end":{"line":13,"column":16}},"11":{"start":{"line":14,"column":0},"end":{"line":14,"column":22}},"12":{"start":{"line":16,"column":0},"end":{"line":18,"column":1}},"13":{"start":{"line":17,"column":0},"end":{"line":17,"column":78}},"14":{"start":{"line":17,"column":23},"end":{"line":17,"column":76}},"15":{"start":{"line":20,"column":0},"end":{"line":20,"column":20}}},"fnMap":{"0":{"name":"(anonymous_0)","decl":{"start":{"line":17,"column":17},"end":{"line":17,"column":18}},"loc":{"start":{"line":17,"column":23},"end":{"line":17,"column":76}},"line":17}},"branchMap":{"0":{"loc":{"start":{"line":5,"column":13},"end":{"line":5,"column":37}},"type":"binary-expr","locations":[{"start":{"line":5,"column":13},"end":{"line":5,"column":29}},{"start":{"line":5,"column":33},"end":{"line":5,"column":37}}],"line":5},"1":{"loc":{"start":{"line":16,"column":0},"end":{"line":18,"column":1}},"type":"if","locations":[{"start":{"line":16,"column":0},"end":{"line":18,"column":1}},{"start":{},"end":{}}],"line":16}},"s":{"0":2,"1":2,"2":2,"3":2,"4":2,"5":2,"6":2,"7":2,"8":2,"9":2,"10":2,"11":2,"12":2,"13":0,"14":0,"15":2},"f":{"0":0},"b":{"0":[2,2],"1":[0,2]},"_coverageSchema":"1a1c01bbd47fc00a2c39e90264f33305004495a9","hash":"7bb1c31831a062fd186185a5a741fdd43edd9b7a"}
,"C:\\Users\\Caca\\Desktop\\Bootcamp\\p3\\DinasQ-Team1-Server\\controllers\\OfficialLetterController.js": {"path":"C:\\Users\\Caca\\Desktop\\Bootcamp\\p3\\DinasQ-Team1-Server\\controllers\\OfficialLetterController.js","statementMap":{"0":{"start":{"line":1,"column":42},"end":{"line":1,"column":62}},"1":{"start":{"line":5,"column":4},"end":{"line":23,"column":5}},"2":{"start":{"line":6,"column":36},"end":{"line":6,"column":45}},"3":{"start":{"line":7,"column":19},"end":{"line":7,"column":28}},"4":{"start":{"line":8,"column":20},"end":{"line":8,"column":36}},"5":{"start":{"line":9,"column":21},"end":{"line":9,"column":45}},"6":{"start":{"line":10,"column":23},"end":{"line":14,"column":8}},"7":{"start":{"line":15,"column":6},"end":{"line":20,"column":9}},"8":{"start":{"line":22,"column":6},"end":{"line":22,"column":16}},"9":{"start":{"line":27,"column":4},"end":{"line":36,"column":5}},"10":{"start":{"line":28,"column":21},"end":{"line":28,"column":31}},"11":{"start":{"line":29,"column":23},"end":{"line":31,"column":8}},"12":{"start":{"line":32,"column":6},"end":{"line":32,"column":61}},"13":{"start":{"line":32,"column":21},"end":{"line":32,"column":61}},"14":{"start":{"line":33,"column":6},"end":{"line":33,"column":37}},"15":{"start":{"line":35,"column":6},"end":{"line":35,"column":16}},"16":{"start":{"line":40,"column":4},"end":{"line":54,"column":5}},"17":{"start":{"line":41,"column":21},"end":{"line":41,"column":29}},"18":{"start":{"line":42,"column":64},"end":{"line":42,"column":72}},"19":{"start":{"line":43,"column":25},"end":{"line":50,"column":8}},"20":{"start":{"line":51,"column":6},"end":{"line":51,"column":80}},"21":{"start":{"line":53,"column":6},"end":{"line":53,"column":16}},"22":{"start":{"line":58,"column":4},"end":{"line":75,"column":5}},"23":{"start":{"line":59,"column":21},"end":{"line":59,"column":31}},"24":{"start":{"line":60,"column":25},"end":{"line":60,"column":33}},"25":{"start":{"line":61,"column":21},"end":{"line":61,"column":54}},"26":{"start":{"line":62,"column":6},"end":{"line":62,"column":59}},"27":{"start":{"line":62,"column":19},"end":{"line":62,"column":59}},"28":{"start":{"line":63,"column":27},"end":{"line":69,"column":7}},"29":{"start":{"line":70,"column":6},"end":{"line":72,"column":9}},"30":{"start":{"line":74,"column":6},"end":{"line":74,"column":16}},"31":{"start":{"line":79,"column":0},"end":{"line":79,"column":42}}},"fnMap":{"0":{"name":"(anonymous_0)","decl":{"start":{"line":4,"column":2},"end":{"line":4,"column":3}},"loc":{"start":{"line":4,"column":52},"end":{"line":24,"column":3}},"line":4},"1":{"name":"(anonymous_1)","decl":{"start":{"line":26,"column":2},"end":{"line":26,"column":3}},"loc":{"start":{"line":26,"column":53},"end":{"line":37,"column":3}},"line":26},"2":{"name":"(anonymous_2)","decl":{"start":{"line":39,"column":2},"end":{"line":39,"column":3}},"loc":{"start":{"line":39,"column":52},"end":{"line":55,"column":3}},"line":39},"3":{"name":"(anonymous_3)","decl":{"start":{"line":57,"column":2},"end":{"line":57,"column":3}},"loc":{"start":{"line":57,"column":50},"end":{"line":76,"column":3}},"line":57}},"branchMap":{"0":{"loc":{"start":{"line":8,"column":20},"end":{"line":8,"column":36}},"type":"cond-expr","locations":[{"start":{"line":8,"column":27},"end":{"line":8,"column":32}},{"start":{"line":8,"column":35},"end":{"line":8,"column":36}}],"line":8},"1":{"loc":{"start":{"line":9,"column":21},"end":{"line":9,"column":45}},"type":"cond-expr","locations":[{"start":{"line":9,"column":28},"end":{"line":9,"column":41}},{"start":{"line":9,"column":44},"end":{"line":9,"column":45}}],"line":9},"2":{"loc":{"start":{"line":32,"column":6},"end":{"line":32,"column":61}},"type":"if","locations":[{"start":{"line":32,"column":6},"end":{"line":32,"column":61}},{"start":{},"end":{}}],"line":32},"3":{"loc":{"start":{"line":62,"column":6},"end":{"line":62,"column":59}},"type":"if","locations":[{"start":{"line":62,"column":6},"end":{"line":62,"column":59}},{"start":{},"end":{}}],"line":62}},"s":{"0":2,"1":1,"2":1,"3":1,"4":1,"5":1,"6":1,"7":1,"8":0,"9":1,"10":1,"11":1,"12":1,"13":0,"14":1,"15":0,"16":2,"17":2,"18":2,"19":2,"20":1,"21":1,"22":2,"23":2,"24":2,"25":2,"26":2,"27":1,"28":1,"29":1,"30":0,"31":2},"f":{"0":1,"1":1,"2":2,"3":2},"b":{"0":[0,1],"1":[0,1],"2":[0,1],"3":[1,1]},"_coverageSchema":"1a1c01bbd47fc00a2c39e90264f33305004495a9","hash":"1cf2d48f38d0d007eab20c99b100002b6dc8ae62"}
,"C:\\Users\\Caca\\Desktop\\Bootcamp\\p3\\DinasQ-Team1-Server\\controllers\\ReimbursementController.js": {"path":"C:\\Users\\Caca\\Desktop\\Bootcamp\\p3\\DinasQ-Team1-Server\\controllers\\ReimbursementController.js","statementMap":{"0":{"start":{"line":1,"column":26},"end":{"line":1,"column":46}},"1":{"start":{"line":5,"column":4},"end":{"line":22,"column":5}},"2":{"start":{"line":6,"column":36},"end":{"line":6,"column":45}},"3":{"start":{"line":7,"column":19},"end":{"line":7,"column":28}},"4":{"start":{"line":8,"column":20},"end":{"line":8,"column":36}},"5":{"start":{"line":9,"column":21},"end":{"line":9,"column":45}},"6":{"start":{"line":10,"column":23},"end":{"line":13,"column":8}},"7":{"start":{"line":14,"column":6},"end":{"line":19,"column":9}},"8":{"start":{"line":21,"column":6},"end":{"line":21,"column":16}},"9":{"start":{"line":26,"column":4},"end":{"line":33,"column":5}},"10":{"start":{"line":27,"column":21},"end":{"line":27,"column":31}},"11":{"start":{"line":28,"column":23},"end":{"line":28,"column":55}},"12":{"start":{"line":29,"column":6},"end":{"line":29,"column":68}},"13":{"start":{"line":29,"column":21},"end":{"line":29,"column":68}},"14":{"start":{"line":30,"column":6},"end":{"line":30,"column":37}},"15":{"start":{"line":32,"column":6},"end":{"line":32,"column":16}},"16":{"start":{"line":37,"column":4},"end":{"line":47,"column":5}},"17":{"start":{"line":38,"column":61},"end":{"line":38,"column":69}},"18":{"start":{"line":39,"column":27},"end":{"line":41,"column":8}},"19":{"start":{"line":42,"column":6},"end":{"line":44,"column":74}},"20":{"start":{"line":46,"column":6},"end":{"line":46,"column":16}},"21":{"start":{"line":51,"column":4},"end":{"line":69,"column":5}},"22":{"start":{"line":52,"column":21},"end":{"line":52,"column":31}},"23":{"start":{"line":53,"column":25},"end":{"line":53,"column":33}},"24":{"start":{"line":54,"column":24},"end":{"line":54,"column":68}},"25":{"start":{"line":55,"column":24},"end":{"line":55,"column":56}},"26":{"start":{"line":56,"column":6},"end":{"line":56,"column":69}},"27":{"start":{"line":56,"column":22},"end":{"line":56,"column":69}},"28":{"start":{"line":57,"column":27},"end":{"line":63,"column":7}},"29":{"start":{"line":64,"column":6},"end":{"line":66,"column":9}},"30":{"start":{"line":68,"column":6},"end":{"line":68,"column":16}},"31":{"start":{"line":73,"column":0},"end":{"line":73,"column":41}}},"fnMap":{"0":{"name":"(anonymous_0)","decl":{"start":{"line":4,"column":2},"end":{"line":4,"column":3}},"loc":{"start":{"line":4,"column":49},"end":{"line":23,"column":3}},"line":4},"1":{"name":"(anonymous_1)","decl":{"start":{"line":25,"column":2},"end":{"line":25,"column":3}},"loc":{"start":{"line":25,"column":52},"end":{"line":34,"column":3}},"line":25},"2":{"name":"(anonymous_2)","decl":{"start":{"line":36,"column":2},"end":{"line":36,"column":3}},"loc":{"start":{"line":36,"column":51},"end":{"line":48,"column":3}},"line":36},"3":{"name":"(anonymous_3)","decl":{"start":{"line":50,"column":2},"end":{"line":50,"column":3}},"loc":{"start":{"line":50,"column":57},"end":{"line":70,"column":3}},"line":50}},"branchMap":{"0":{"loc":{"start":{"line":8,"column":20},"end":{"line":8,"column":36}},"type":"cond-expr","locations":[{"start":{"line":8,"column":27},"end":{"line":8,"column":32}},{"start":{"line":8,"column":35},"end":{"line":8,"column":36}}],"line":8},"1":{"loc":{"start":{"line":9,"column":21},"end":{"line":9,"column":45}},"type":"cond-expr","locations":[{"start":{"line":9,"column":28},"end":{"line":9,"column":41}},{"start":{"line":9,"column":44},"end":{"line":9,"column":45}}],"line":9},"2":{"loc":{"start":{"line":29,"column":6},"end":{"line":29,"column":68}},"type":"if","locations":[{"start":{"line":29,"column":6},"end":{"line":29,"column":68}},{"start":{},"end":{}}],"line":29},"3":{"loc":{"start":{"line":56,"column":6},"end":{"line":56,"column":69}},"type":"if","locations":[{"start":{"line":56,"column":6},"end":{"line":56,"column":69}},{"start":{},"end":{}}],"line":56}},"s":{"0":2,"1":0,"2":0,"3":0,"4":0,"5":0,"6":0,"7":0,"8":0,"9":0,"10":0,"11":0,"12":0,"13":0,"14":0,"15":0,"16":0,"17":0,"18":0,"19":0,"20":0,"21":0,"22":0,"23":0,"24":0,"25":0,"26":0,"27":0,"28":0,"29":0,"30":0,"31":2},"f":{"0":0,"1":0,"2":0,"3":0},"b":{"0":[0,0],"1":[0,0],"2":[0,0],"3":[0,0]},"_coverageSchema":"1a1c01bbd47fc00a2c39e90264f33305004495a9","hash":"77c2065b9c5056c4f1b6f3baf84b605d52ae69a8"}
,"C:\\Users\\Caca\\Desktop\\Bootcamp\\p3\\DinasQ-Team1-Server\\controllers\\UserController.js": {"path":"C:\\Users\\Caca\\Desktop\\Bootcamp\\p3\\DinasQ-Team1-Server\\controllers\\UserController.js","statementMap":{"0":{"start":{"line":1,"column":59},"end":{"line":1,"column":79}},"1":{"start":{"line":2,"column":41},"end":{"line":2,"column":69}},"2":{"start":{"line":3,"column":24},"end":{"line":3,"column":49}},"3":{"start":{"line":4,"column":36},"end":{"line":4,"column":67}},"4":{"start":{"line":8,"column":4},"end":{"line":25,"column":5}},"5":{"start":{"line":18,"column":10},"end":{"line":18,"column":18}},"6":{"start":{"line":19,"column":22},"end":{"line":21,"column":8}},"7":{"start":{"line":22,"column":6},"end":{"line":22,"column":74}},"8":{"start":{"line":24,"column":6},"end":{"line":24,"column":16}},"9":{"start":{"line":29,"column":4},"end":{"line":49,"column":5}},"10":{"start":{"line":30,"column":34},"end":{"line":30,"column":42}},"11":{"start":{"line":31,"column":19},"end":{"line":33,"column":8}},"12":{"start":{"line":34,"column":6},"end":{"line":34,"column":55}},"13":{"start":{"line":34,"column":17},"end":{"line":34,"column":55}},"14":{"start":{"line":35,"column":6},"end":{"line":37,"column":7}},"15":{"start":{"line":36,"column":8},"end":{"line":36,"column":42}},"16":{"start":{"line":38,"column":6},"end":{"line":40,"column":7}},"17":{"start":{"line":39,"column":8},"end":{"line":39,"column":46}},"18":{"start":{"line":41,"column":20},"end":{"line":45,"column":8}},"19":{"start":{"line":46,"column":6},"end":{"line":46,"column":78}},"20":{"start":{"line":48,"column":6},"end":{"line":48,"column":16}},"21":{"start":{"line":53,"column":4},"end":{"line":70,"column":5}},"22":{"start":{"line":54,"column":34},"end":{"line":54,"column":42}},"23":{"start":{"line":55,"column":19},"end":{"line":57,"column":8}},"24":{"start":{"line":58,"column":6},"end":{"line":58,"column":55}},"25":{"start":{"line":58,"column":17},"end":{"line":58,"column":55}},"26":{"start":{"line":59,"column":6},"end":{"line":61,"column":7}},"27":{"start":{"line":60,"column":8},"end":{"line":60,"column":46}},"28":{"start":{"line":62,"column":20},"end":{"line":66,"column":8}},"29":{"start":{"line":67,"column":6},"end":{"line":67,"column":78}},"30":{"start":{"line":69,"column":6},"end":{"line":69,"column":16}},"31":{"start":{"line":74,"column":4},"end":{"line":89,"column":5}},"32":{"start":{"line":75,"column":23},"end":{"line":85,"column":8}},"33":{"start":{"line":86,"column":6},"end":{"line":86,"column":37}},"34":{"start":{"line":88,"column":6},"end":{"line":88,"column":16}},"35":{"start":{"line":93,"column":4},"end":{"line":118,"column":5}},"36":{"start":{"line":94,"column":23},"end":{"line":114,"column":8}},"37":{"start":{"line":115,"column":6},"end":{"line":115,"column":37}},"38":{"start":{"line":117,"column":6},"end":{"line":117,"column":16}},"39":{"start":{"line":122,"column":4},"end":{"line":149,"column":5}},"40":{"start":{"line":123,"column":21},"end":{"line":123,"column":31}},"41":{"start":{"line":124,"column":23},"end":{"line":144,"column":8}},"42":{"start":{"line":145,"column":6},"end":{"line":145,"column":59}},"43":{"start":{"line":145,"column":21},"end":{"line":145,"column":59}},"44":{"start":{"line":146,"column":6},"end":{"line":146,"column":37}},"45":{"start":{"line":148,"column":6},"end":{"line":148,"column":16}},"46":{"start":{"line":153,"column":4},"end":{"line":180,"column":5}},"47":{"start":{"line":163,"column":10},"end":{"line":163,"column":18}},"48":{"start":{"line":164,"column":21},"end":{"line":164,"column":31}},"49":{"start":{"line":165,"column":23},"end":{"line":165,"column":46}},"50":{"start":{"line":166,"column":6},"end":{"line":166,"column":59}},"51":{"start":{"line":166,"column":21},"end":{"line":166,"column":59}},"52":{"start":{"line":167,"column":25},"end":{"line":174,"column":7}},"53":{"start":{"line":175,"column":6},"end":{"line":177,"column":72}},"54":{"start":{"line":179,"column":6},"end":{"line":179,"column":16}},"55":{"start":{"line":184,"column":14},"end":{"line":184,"column":43}},"56":{"start":{"line":185,"column":4},"end":{"line":216,"column":5}},"57":{"start":{"line":186,"column":21},"end":{"line":186,"column":31}},"58":{"start":{"line":187,"column":23},"end":{"line":187,"column":46}},"59":{"start":{"line":188,"column":6},"end":{"line":188,"column":59}},"60":{"start":{"line":188,"column":21},"end":{"line":188,"column":59}},"61":{"start":{"line":190,"column":25},"end":{"line":192,"column":8}},"62":{"start":{"line":194,"column":25},"end":{"line":197,"column":8}},"63":{"start":{"line":199,"column":28},"end":{"line":202,"column":8}},"64":{"start":{"line":204,"column":35},"end":{"line":207,"column":8}},"65":{"start":{"line":209,"column":6},"end":{"line":209,"column":23}},"66":{"start":{"line":210,"column":6},"end":{"line":212,"column":72}},"67":{"start":{"line":214,"column":6},"end":{"line":214,"column":25}},"68":{"start":{"line":215,"column":6},"end":{"line":215,"column":16}},"69":{"start":{"line":220,"column":4},"end":{"line":240,"column":5}},"70":{"start":{"line":221,"column":21},"end":{"line":221,"column":29}},"71":{"start":{"line":222,"column":25},"end":{"line":222,"column":33}},"72":{"start":{"line":223,"column":6},"end":{"line":223,"column":58}},"73":{"start":{"line":223,"column":21},"end":{"line":223,"column":58}},"74":{"start":{"line":225,"column":6},"end":{"line":225,"column":27}},"75":{"start":{"line":226,"column":23},"end":{"line":226,"column":46}},"76":{"start":{"line":227,"column":6},"end":{"line":227,"column":59}},"77":{"start":{"line":227,"column":21},"end":{"line":227,"column":59}},"78":{"start":{"line":228,"column":25},"end":{"line":236,"column":7}},"79":{"start":{"line":237,"column":6},"end":{"line":237,"column":69}},"80":{"start":{"line":239,"column":6},"end":{"line":239,"column":16}},"81":{"start":{"line":244,"column":0},"end":{"line":244,"column":32}}},"fnMap":{"0":{"name":"(anonymous_0)","decl":{"start":{"line":7,"column":2},"end":{"line":7,"column":3}},"loc":{"start":{"line":7,"column":44},"end":{"line":26,"column":3}},"line":7},"1":{"name":"(anonymous_1)","decl":{"start":{"line":28,"column":2},"end":{"line":28,"column":3}},"loc":{"start":{"line":28,"column":42},"end":{"line":50,"column":3}},"line":28},"2":{"name":"(anonymous_2)","decl":{"start":{"line":52,"column":2},"end":{"line":52,"column":3}},"loc":{"start":{"line":52,"column":44},"end":{"line":71,"column":3}},"line":52},"3":{"name":"(anonymous_3)","decl":{"start":{"line":73,"column":2},"end":{"line":73,"column":3}},"loc":{"start":{"line":73,"column":40},"end":{"line":90,"column":3}},"line":73},"4":{"name":"(anonymous_4)","decl":{"start":{"line":92,"column":2},"end":{"line":92,"column":3}},"loc":{"start":{"line":92,"column":50},"end":{"line":119,"column":3}},"line":92},"5":{"name":"(anonymous_5)","decl":{"start":{"line":121,"column":2},"end":{"line":121,"column":3}},"loc":{"start":{"line":121,"column":43},"end":{"line":150,"column":3}},"line":121},"6":{"name":"(anonymous_6)","decl":{"start":{"line":152,"column":2},"end":{"line":152,"column":3}},"loc":{"start":{"line":152,"column":42},"end":{"line":181,"column":3}},"line":152},"7":{"name":"(anonymous_7)","decl":{"start":{"line":183,"column":2},"end":{"line":183,"column":3}},"loc":{"start":{"line":183,"column":42},"end":{"line":217,"column":3}},"line":183},"8":{"name":"(anonymous_8)","decl":{"start":{"line":219,"column":2},"end":{"line":219,"column":3}},"loc":{"start":{"line":219,"column":54},"end":{"line":241,"column":3}},"line":219}},"branchMap":{"0":{"loc":{"start":{"line":34,"column":6},"end":{"line":34,"column":55}},"type":"if","locations":[{"start":{"line":34,"column":6},"end":{"line":34,"column":55}},{"start":{},"end":{}}],"line":34},"1":{"loc":{"start":{"line":35,"column":6},"end":{"line":37,"column":7}},"type":"if","locations":[{"start":{"line":35,"column":6},"end":{"line":37,"column":7}},{"start":{},"end":{}}],"line":35},"2":{"loc":{"start":{"line":35,"column":10},"end":{"line":35,"column":60}},"type":"binary-expr","locations":[{"start":{"line":35,"column":10},"end":{"line":35,"column":36}},{"start":{"line":35,"column":40},"end":{"line":35,"column":60}}],"line":35},"3":{"loc":{"start":{"line":38,"column":6},"end":{"line":40,"column":7}},"type":"if","locations":[{"start":{"line":38,"column":6},"end":{"line":40,"column":7}},{"start":{},"end":{}}],"line":38},"4":{"loc":{"start":{"line":58,"column":6},"end":{"line":58,"column":55}},"type":"if","locations":[{"start":{"line":58,"column":6},"end":{"line":58,"column":55}},{"start":{},"end":{}}],"line":58},"5":{"loc":{"start":{"line":59,"column":6},"end":{"line":61,"column":7}},"type":"if","locations":[{"start":{"line":59,"column":6},"end":{"line":61,"column":7}},{"start":{},"end":{}}],"line":59},"6":{"loc":{"start":{"line":145,"column":6},"end":{"line":145,"column":59}},"type":"if","locations":[{"start":{"line":145,"column":6},"end":{"line":145,"column":59}},{"start":{},"end":{}}],"line":145},"7":{"loc":{"start":{"line":166,"column":6},"end":{"line":166,"column":59}},"type":"if","locations":[{"start":{"line":166,"column":6},"end":{"line":166,"column":59}},{"start":{},"end":{}}],"line":166},"8":{"loc":{"start":{"line":188,"column":6},"end":{"line":188,"column":59}},"type":"if","locations":[{"start":{"line":188,"column":6},"end":{"line":188,"column":59}},{"start":{},"end":{}}],"line":188},"9":{"loc":{"start":{"line":223,"column":6},"end":{"line":223,"column":58}},"type":"if","locations":[{"start":{"line":223,"column":6},"end":{"line":223,"column":58}},{"start":{},"end":{}}],"line":223},"10":{"loc":{"start":{"line":227,"column":6},"end":{"line":227,"column":59}},"type":"if","locations":[{"start":{"line":227,"column":6},"end":{"line":227,"column":59}},{"start":{},"end":{}}],"line":227}},"s":{"0":2,"1":2,"2":2,"3":2,"4":6,"5":6,"6":6,"7":1,"8":5,"9":1,"10":1,"11":1,"12":1,"13":0,"14":1,"15":0,"16":1,"17":0,"18":1,"19":1,"20":0,"21":0,"22":0,"23":0,"24":0,"25":0,"26":0,"27":0,"28":0,"29":0,"30":0,"31":0,"32":0,"33":0,"34":0,"35":0,"36":0,"37":0,"38":0,"39":0,"40":0,"41":0,"42":0,"43":0,"44":0,"45":0,"46":0,"47":0,"48":0,"49":0,"50":0,"51":0,"52":0,"53":0,"54":0,"55":0,"56":0,"57":0,"58":0,"59":0,"60":0,"61":0,"62":0,"63":0,"64":0,"65":0,"66":0,"67":0,"68":0,"69":0,"70":0,"71":0,"72":0,"73":0,"74":0,"75":0,"76":0,"77":0,"78":0,"79":0,"80":0,"81":2},"f":{"0":6,"1":1,"2":0,"3":0,"4":0,"5":0,"6":0,"7":0,"8":0},"b":{"0":[0,1],"1":[0,1],"2":[1,0],"3":[0,1],"4":[0,0],"5":[0,0],"6":[0,0],"7":[0,0],"8":[0,0],"9":[0,0],"10":[0,0]},"_coverageSchema":"1a1c01bbd47fc00a2c39e90264f33305004495a9","hash":"da7d6a738c8ed1515b1d64a1554c00261b0e2777"}
,"C:\\Users\\Caca\\Desktop\\Bootcamp\\p3\\DinasQ-Team1-Server\\controllers\\UserLocationController.js": {"path":"C:\\Users\\Caca\\Desktop\\Bootcamp\\p3\\DinasQ-Team1-Server\\controllers\\UserLocationController.js","statementMap":{"0":{"start":{"line":1,"column":42},"end":{"line":1,"column":62}},"1":{"start":{"line":2,"column":36},"end":{"line":2,"column":67}},"2":{"start":{"line":5,"column":4},"end":{"line":18,"column":5}},"3":{"start":{"line":6,"column":21},"end":{"line":6,"column":29}},"4":{"start":{"line":7,"column":22},"end":{"line":7,"column":40}},"5":{"start":{"line":8,"column":19},"end":{"line":8,"column":45}},"6":{"start":{"line":9,"column":22},"end":{"line":14,"column":8}},"7":{"start":{"line":15,"column":6},"end":{"line":15,"column":78}},"8":{"start":{"line":17,"column":6},"end":{"line":17,"column":16}},"9":{"start":{"line":23,"column":4},"end":{"line":47,"column":5}},"10":{"start":{"line":24,"column":21},"end":{"line":24,"column":29}},"11":{"start":{"line":25,"column":22},"end":{"line":43,"column":8}},"12":{"start":{"line":44,"column":6},"end":{"line":44,"column":36}},"13":{"start":{"line":46,"column":6},"end":{"line":46,"column":16}},"14":{"start":{"line":51,"column":4},"end":{"line":72,"column":5}},"15":{"start":{"line":52,"column":24},"end":{"line":68,"column":8}},"16":{"start":{"line":69,"column":6},"end":{"line":69,"column":38}},"17":{"start":{"line":71,"column":6},"end":{"line":71,"column":16}},"18":{"start":{"line":76,"column":0},"end":{"line":76,"column":40}}},"fnMap":{"0":{"name":"(anonymous_0)","decl":{"start":{"line":4,"column":2},"end":{"line":4,"column":3}},"loc":{"start":{"line":4,"column":43},"end":{"line":19,"column":3}},"line":4},"1":{"name":"(anonymous_1)","decl":{"start":{"line":22,"column":2},"end":{"line":22,"column":3}},"loc":{"start":{"line":22,"column":56},"end":{"line":48,"column":3}},"line":22},"2":{"name":"(anonymous_2)","decl":{"start":{"line":50,"column":2},"end":{"line":50,"column":3}},"loc":{"start":{"line":50,"column":51},"end":{"line":73,"column":3}},"line":50}},"branchMap":{},"s":{"0":2,"1":2,"2":0,"3":0,"4":0,"5":0,"6":0,"7":0,"8":0,"9":0,"10":0,"11":0,"12":0,"13":0,"14":0,"15":0,"16":0,"17":0,"18":2},"f":{"0":0,"1":0,"2":0},"b":{},"_coverageSchema":"1a1c01bbd47fc00a2c39e90264f33305004495a9","hash":"f89e96a8846ff915c3b1f72482cd8df400f4ef78"}
,"C:\\Users\\Caca\\Desktop\\Bootcamp\\p3\\DinasQ-Team1-Server\\helpers\\bcrypt.js": {"path":"C:\\Users\\Caca\\Desktop\\Bootcamp\\p3\\DinasQ-Team1-Server\\helpers\\bcrypt.js","statementMap":{"0":{"start":{"line":1,"column":15},"end":{"line":1,"column":34}},"1":{"start":{"line":3,"column":21},"end":{"line":5,"column":1}},"2":{"start":{"line":4,"column":2},"end":{"line":4,"column":40}},"3":{"start":{"line":7,"column":23},"end":{"line":9,"column":1}},"4":{"start":{"line":8,"column":2},"end":{"line":8,"column":54}},"5":{"start":{"line":11,"column":0},"end":{"line":11,"column":50}}},"fnMap":{"0":{"name":"(anonymous_0)","decl":{"start":{"line":3,"column":21},"end":{"line":3,"column":22}},"loc":{"start":{"line":3,"column":40},"end":{"line":5,"column":1}},"line":3},"1":{"name":"(anonymous_1)","decl":{"start":{"line":7,"column":23},"end":{"line":7,"column":24}},"loc":{"start":{"line":7,"column":53},"end":{"line":9,"column":1}},"line":7}},"branchMap":{},"s":{"0":2,"1":2,"2":3,"3":2,"4":1,"5":2},"f":{"0":3,"1":1},"b":{},"_coverageSchema":"1a1c01bbd47fc00a2c39e90264f33305004495a9","hash":"62e3349e5921c98e46070de8b8e5009b84db70c8"}
,"C:\\Users\\Caca\\Desktop\\Bootcamp\\p3\\DinasQ-Team1-Server\\helpers\\jwt.js": {"path":"C:\\Users\\Caca\\Desktop\\Bootcamp\\p3\\DinasQ-Team1-Server\\helpers\\jwt.js","statementMap":{"0":{"start":{"line":1,"column":12},"end":{"line":1,"column":35}},"1":{"start":{"line":3,"column":20},"end":{"line":5,"column":1}},"2":{"start":{"line":4,"column":2},"end":{"line":4,"column":51}},"3":{"start":{"line":7,"column":20},"end":{"line":9,"column":1}},"4":{"start":{"line":8,"column":2},"end":{"line":8,"column":51}},"5":{"start":{"line":11,"column":0},"end":{"line":11,"column":46}}},"fnMap":{"0":{"name":"(anonymous_0)","decl":{"start":{"line":3,"column":20},"end":{"line":3,"column":21}},"loc":{"start":{"line":3,"column":33},"end":{"line":5,"column":1}},"line":3},"1":{"name":"(anonymous_1)","decl":{"start":{"line":7,"column":20},"end":{"line":7,"column":21}},"loc":{"start":{"line":7,"column":31},"end":{"line":9,"column":1}},"line":7}},"branchMap":{},"s":{"0":2,"1":2,"2":14,"3":2,"4":8,"5":2},"f":{"0":14,"1":8},"b":{},"_coverageSchema":"1a1c01bbd47fc00a2c39e90264f33305004495a9","hash":"a4fda1b6e849b403f7fc94f1ae29c61796697552"}
,"C:\\Users\\Caca\\Desktop\\Bootcamp\\p3\\DinasQ-Team1-Server\\middlewares\\DeleteAuthorization.js": {"path":"C:\\Users\\Caca\\Desktop\\Bootcamp\\p3\\DinasQ-Team1-Server\\middlewares\\DeleteAuthorization.js","statementMap":{"0":{"start":{"line":1,"column":17},"end":{"line":1,"column":37}},"1":{"start":{"line":3,"column":22},"end":{"line":13,"column":1}},"2":{"start":{"line":4,"column":2},"end":{"line":12,"column":3}},"3":{"start":{"line":5,"column":19},"end":{"line":5,"column":29}},"4":{"start":{"line":6,"column":17},"end":{"line":6,"column":40}},"5":{"start":{"line":7,"column":4},"end":{"line":7,"column":53}},"6":{"start":{"line":7,"column":15},"end":{"line":7,"column":53}},"7":{"start":{"line":8,"column":4},"end":{"line":8,"column":75}},"8":{"start":{"line":8,"column":40},"end":{"line":8,"column":75}},"9":{"start":{"line":9,"column":4},"end":{"line":9,"column":11}},"10":{"start":{"line":11,"column":4},"end":{"line":11,"column":14}},"11":{"start":{"line":15,"column":0},"end":{"line":15,"column":31}}},"fnMap":{"0":{"name":"(anonymous_0)","decl":{"start":{"line":3,"column":22},"end":{"line":3,"column":23}},"loc":{"start":{"line":3,"column":48},"end":{"line":13,"column":1}},"line":3}},"branchMap":{"0":{"loc":{"start":{"line":7,"column":4},"end":{"line":7,"column":53}},"type":"if","locations":[{"start":{"line":7,"column":4},"end":{"line":7,"column":53}},{"start":{},"end":{}}],"line":7},"1":{"loc":{"start":{"line":8,"column":4},"end":{"line":8,"column":75}},"type":"if","locations":[{"start":{"line":8,"column":4},"end":{"line":8,"column":75}},{"start":{},"end":{}}],"line":8}},"s":{"0":2,"1":2,"2":0,"3":0,"4":0,"5":0,"6":0,"7":0,"8":0,"9":0,"10":0,"11":2},"f":{"0":0},"b":{"0":[0,0],"1":[0,0]},"_coverageSchema":"1a1c01bbd47fc00a2c39e90264f33305004495a9","hash":"585bd9804f9162e63e527430fcf5d52c873d6b8c"}
,"C:\\Users\\Caca\\Desktop\\Bootcamp\\p3\\DinasQ-Team1-Server\\middlewares\\ErrorHandler.js": {"path":"C:\\Users\\Caca\\Desktop\\Bootcamp\\p3\\DinasQ-Team1-Server\\middlewares\\ErrorHandler.js","statementMap":{"0":{"start":{"line":1,"column":21},"end":{"line":40,"column":1}},"1":{"start":{"line":2,"column":2},"end":{"line":2,"column":19}},"2":{"start":{"line":3,"column":2},"end":{"line":39,"column":3}},"3":{"start":{"line":5,"column":6},"end":{"line":5,"column":63}},"4":{"start":{"line":6,"column":6},"end":{"line":6,"column":12}},"5":{"start":{"line":8,"column":6},"end":{"line":10,"column":9}},"6":{"start":{"line":11,"column":6},"end":{"line":11,"column":12}},"7":{"start":{"line":13,"column":6},"end":{"line":13,"column":57}},"8":{"start":{"line":14,"column":6},"end":{"line":14,"column":12}},"9":{"start":{"line":16,"column":6},"end":{"line":16,"column":58}},"10":{"start":{"line":17,"column":6},"end":{"line":17,"column":12}},"11":{"start":{"line":19,"column":6},"end":{"line":19,"column":75}},"12":{"start":{"line":20,"column":6},"end":{"line":20,"column":12}},"13":{"start":{"line":22,"column":6},"end":{"line":22,"column":62}},"14":{"start":{"line":23,"column":6},"end":{"line":23,"column":12}},"15":{"start":{"line":25,"column":6},"end":{"line":25,"column":67}},"16":{"start":{"line":26,"column":6},"end":{"line":26,"column":12}},"17":{"start":{"line":28,"column":6},"end":{"line":28,"column":69}},"18":{"start":{"line":29,"column":6},"end":{"line":29,"column":12}},"19":{"start":{"line":31,"column":6},"end":{"line":31,"column":68}},"20":{"start":{"line":32,"column":6},"end":{"line":32,"column":12}},"21":{"start":{"line":34,"column":6},"end":{"line":34,"column":70}},"22":{"start":{"line":35,"column":6},"end":{"line":35,"column":12}},"23":{"start":{"line":37,"column":6},"end":{"line":37,"column":65}},"24":{"start":{"line":38,"column":6},"end":{"line":38,"column":12}},"25":{"start":{"line":42,"column":0},"end":{"line":42,"column":30}}},"fnMap":{"0":{"name":"(anonymous_0)","decl":{"start":{"line":1,"column":21},"end":{"line":1,"column":22}},"loc":{"start":{"line":1,"column":46},"end":{"line":40,"column":1}},"line":1}},"branchMap":{"0":{"loc":{"start":{"line":3,"column":2},"end":{"line":39,"column":3}},"type":"switch","locations":[{"start":{"line":4,"column":4},"end":{"line":6,"column":12}},{"start":{"line":7,"column":4},"end":{"line":11,"column":12}},{"start":{"line":12,"column":4},"end":{"line":14,"column":12}},{"start":{"line":15,"column":4},"end":{"line":17,"column":12}},{"start":{"line":18,"column":4},"end":{"line":20,"column":12}},{"start":{"line":21,"column":4},"end":{"line":23,"column":12}},{"start":{"line":24,"column":4},"end":{"line":26,"column":12}},{"start":{"line":27,"column":4},"end":{"line":29,"column":12}},{"start":{"line":30,"column":4},"end":{"line":32,"column":12}},{"start":{"line":33,"column":4},"end":{"line":35,"column":12}},{"start":{"line":36,"column":4},"end":{"line":38,"column":12}}],"line":3}},"s":{"0":2,"1":8,"2":8,"3":6,"4":6,"5":0,"6":0,"7":1,"8":1,"9":0,"10":0,"11":0,"12":0,"13":0,"14":0,"15":0,"16":0,"17":1,"18":1,"19":0,"20":0,"21":0,"22":0,"23":0,"24":0,"25":2},"f":{"0":8},"b":{"0":[6,0,1,0,0,0,0,1,0,0,0]},"_coverageSchema":"1a1c01bbd47fc00a2c39e90264f33305004495a9","hash":"c313cdcf3b3ba5a9abc4869a3ba6b1f9330c4306"}
,"C:\\Users\\Caca\\Desktop\\Bootcamp\\p3\\DinasQ-Team1-Server\\middlewares\\UpdateUserAuthorization.js": {"path":"C:\\Users\\Caca\\Desktop\\Bootcamp\\p3\\DinasQ-Team1-Server\\middlewares\\UpdateUserAuthorization.js","statementMap":{"0":{"start":{"line":1,"column":17},"end":{"line":1,"column":37}},"1":{"start":{"line":3,"column":22},"end":{"line":15,"column":1}},"2":{"start":{"line":4,"column":2},"end":{"line":14,"column":3}},"3":{"start":{"line":5,"column":19},"end":{"line":5,"column":29}},"4":{"start":{"line":6,"column":17},"end":{"line":6,"column":40}},"5":{"start":{"line":7,"column":4},"end":{"line":7,"column":53}},"6":{"start":{"line":7,"column":15},"end":{"line":7,"column":53}},"7":{"start":{"line":8,"column":4},"end":{"line":10,"column":5}},"8":{"start":{"line":9,"column":6},"end":{"line":9,"column":41}},"9":{"start":{"line":11,"column":4},"end":{"line":11,"column":11}},"10":{"start":{"line":13,"column":4},"end":{"line":13,"column":14}},"11":{"start":{"line":17,"column":0},"end":{"line":17,"column":31}}},"fnMap":{"0":{"name":"(anonymous_0)","decl":{"start":{"line":3,"column":22},"end":{"line":3,"column":23}},"loc":{"start":{"line":3,"column":48},"end":{"line":15,"column":1}},"line":3}},"branchMap":{"0":{"loc":{"start":{"line":7,"column":4},"end":{"line":7,"column":53}},"type":"if","locations":[{"start":{"line":7,"column":4},"end":{"line":7,"column":53}},{"start":{},"end":{}}],"line":7},"1":{"loc":{"start":{"line":8,"column":4},"end":{"line":10,"column":5}},"type":"if","locations":[{"start":{"line":8,"column":4},"end":{"line":10,"column":5}},{"start":{},"end":{}}],"line":8},"2":{"loc":{"start":{"line":8,"column":8},"end":{"line":8,"column":66}},"type":"binary-expr","locations":[{"start":{"line":8,"column":8},"end":{"line":8,"column":38}},{"start":{"line":8,"column":42},"end":{"line":8,"column":66}}],"line":8}},"s":{"0":2,"1":2,"2":0,"3":0,"4":0,"5":0,"6":0,"7":0,"8":0,"9":0,"10":0,"11":2},"f":{"0":0},"b":{"0":[0,0],"1":[0,0],"2":[0,0]},"_coverageSchema":"1a1c01bbd47fc00a2c39e90264f33305004495a9","hash":"c6e8a841c975aa2a5e56c8608967e9388f7b9b10"}
,"C:\\Users\\Caca\\Desktop\\Bootcamp\\p3\\DinasQ-Team1-Server\\middlewares\\authentication.js": {"path":"C:\\Users\\Caca\\Desktop\\Bootcamp\\p3\\DinasQ-Team1-Server\\middlewares\\authentication.js","statementMap":{"0":{"start":{"line":1,"column":24},"end":{"line":1,"column":49}},"1":{"start":{"line":2,"column":17},"end":{"line":2,"column":37}},"2":{"start":{"line":4,"column":23},"end":{"line":23,"column":1}},"3":{"start":{"line":5,"column":2},"end":{"line":22,"column":3}},"4":{"start":{"line":6,"column":29},"end":{"line":6,"column":40}},"5":{"start":{"line":7,"column":20},"end":{"line":7,"column":45}},"6":{"start":{"line":8,"column":17},"end":{"line":10,"column":6}},"7":{"start":{"line":11,"column":4},"end":{"line":11,"column":53}},"8":{"start":{"line":11,"column":15},"end":{"line":11,"column":53}},"9":{"start":{"line":12,"column":4},"end":{"line":18,"column":6}},"10":{"start":{"line":19,"column":4},"end":{"line":19,"column":11}},"11":{"start":{"line":21,"column":4},"end":{"line":21,"column":14}},"12":{"start":{"line":25,"column":0},"end":{"line":25,"column":32}}},"fnMap":{"0":{"name":"(anonymous_0)","decl":{"start":{"line":4,"column":23},"end":{"line":4,"column":24}},"loc":{"start":{"line":4,"column":49},"end":{"line":23,"column":1}},"line":4}},"branchMap":{"0":{"loc":{"start":{"line":11,"column":4},"end":{"line":11,"column":53}},"type":"if","locations":[{"start":{"line":11,"column":4},"end":{"line":11,"column":53}},{"start":{},"end":{}}],"line":11}},"s":{"0":2,"1":2,"2":2,"3":8,"4":8,"5":8,"6":7,"7":7,"8":0,"9":7,"10":7,"11":1,"12":2},"f":{"0":8},"b":{"0":[0,7]},"_coverageSchema":"1a1c01bbd47fc00a2c39e90264f33305004495a9","hash":"d7d2178f5ec9eaf7af07f128cf1d748f1c072d6e"}
,"C:\\Users\\Caca\\Desktop\\Bootcamp\\p3\\DinasQ-Team1-Server\\models\\index.js": {"path":"C:\\Users\\Caca\\Desktop\\Bootcamp\\p3\\DinasQ-Team1-Server\\models\\index.js","statementMap":{"0":{"start":{"line":3,"column":11},"end":{"line":3,"column":24}},"1":{"start":{"line":4,"column":13},"end":{"line":4,"column":28}},"2":{"start":{"line":5,"column":18},"end":{"line":5,"column":38}},"3":{"start":{"line":6,"column":17},"end":{"line":6,"column":42}},"4":{"start":{"line":7,"column":12},"end":{"line":7,"column":49}},"5":{"start":{"line":8,"column":15},"end":{"line":8,"column":65}},"6":{"start":{"line":9,"column":11},"end":{"line":9,"column":13}},"7":{"start":{"line":12,"column":0},"end":{"line":16,"column":1}},"8":{"start":{"line":13,"column":2},"end":{"line":13,"column":74}},"9":{"start":{"line":15,"column":2},"end":{"line":15,"column":87}},"10":{"start":{"line":18,"column":0},"end":{"line":26,"column":5}},"11":{"start":{"line":21,"column":4},"end":{"line":21,"column":90}},"12":{"start":{"line":24,"column":18},"end":{"line":24,"column":85}},"13":{"start":{"line":25,"column":4},"end":{"line":25,"column":27}},"14":{"start":{"line":28,"column":0},"end":{"line":32,"column":3}},"15":{"start":{"line":29,"column":2},"end":{"line":31,"column":3}},"16":{"start":{"line":30,"column":4},"end":{"line":30,"column":32}},"17":{"start":{"line":34,"column":0},"end":{"line":34,"column":25}},"18":{"start":{"line":35,"column":0},"end":{"line":35,"column":25}},"19":{"start":{"line":37,"column":0},"end":{"line":37,"column":20}}},"fnMap":{"0":{"name":"(anonymous_0)","decl":{"start":{"line":20,"column":10},"end":{"line":20,"column":11}},"loc":{"start":{"line":20,"column":18},"end":{"line":22,"column":3}},"line":20},"1":{"name":"(anonymous_1)","decl":{"start":{"line":23,"column":11},"end":{"line":23,"column":12}},"loc":{"start":{"line":23,"column":19},"end":{"line":26,"column":3}},"line":23},"2":{"name":"(anonymous_2)","decl":{"start":{"line":28,"column":24},"end":{"line":28,"column":25}},"loc":{"start":{"line":28,"column":37},"end":{"line":32,"column":1}},"line":28}},"branchMap":{"0":{"loc":{"start":{"line":7,"column":12},"end":{"line":7,"column":49}},"type":"binary-expr","locations":[{"start":{"line":7,"column":12},"end":{"line":7,"column":32}},{"start":{"line":7,"column":36},"end":{"line":7,"column":49}}],"line":7},"1":{"loc":{"start":{"line":12,"column":0},"end":{"line":16,"column":1}},"type":"if","locations":[{"start":{"line":12,"column":0},"end":{"line":16,"column":1}},{"start":{"line":14,"column":7},"end":{"line":16,"column":1}}],"line":12},"2":{"loc":{"start":{"line":21,"column":11},"end":{"line":21,"column":89}},"type":"binary-expr","locations":[{"start":{"line":21,"column":12},"end":{"line":21,"column":35}},{"start":{"line":21,"column":41},"end":{"line":21,"column":58}},{"start":{"line":21,"column":64},"end":{"line":21,"column":88}}],"line":21},"3":{"loc":{"start":{"line":29,"column":2},"end":{"line":31,"column":3}},"type":"if","locations":[{"start":{"line":29,"column":2},"end":{"line":31,"column":3}},{"start":{},"end":{}}],"line":29}},"s":{"0":2,"1":2,"2":2,"3":2,"4":2,"5":2,"6":2,"7":2,"8":0,"9":2,"10":2,"11":10,"12":8,"13":8,"14":2,"15":8,"16":8,"17":2,"18":2,"19":2},"f":{"0":10,"1":8,"2":8},"b":{"0":[2,0],"1":[0,2],"2":[10,10,8],"3":[8,0]},"_coverageSchema":"1a1c01bbd47fc00a2c39e90264f33305004495a9","hash":"4cd6de5f7c296ed53d35d29a9357c19f8ab7b783"}
,"C:\\Users\\Caca\\Desktop\\Bootcamp\\p3\\DinasQ-Team1-Server\\models\\officialletter.js": {"path":"C:\\Users\\Caca\\Desktop\\Bootcamp\\p3\\DinasQ-Team1-Server\\models\\officialletter.js","statementMap":{"0":{"start":{"line":2,"column":18},"end":{"line":2,"column":38}},"1":{"start":{"line":3,"column":0},"end":{"line":79,"column":2}},"2":{"start":{"line":12,"column":6},"end":{"line":14,"column":9}},"3":{"start":{"line":15,"column":6},"end":{"line":17,"column":9}},"4":{"start":{"line":20,"column":2},"end":{"line":77,"column":4}},"5":{"start":{"line":78,"column":2},"end":{"line":78,"column":24}}},"fnMap":{"0":{"name":"(anonymous_0)","decl":{"start":{"line":3,"column":17},"end":{"line":3,"column":18}},"loc":{"start":{"line":3,"column":43},"end":{"line":79,"column":1}},"line":3},"1":{"name":"(anonymous_1)","decl":{"start":{"line":10,"column":4},"end":{"line":10,"column":5}},"loc":{"start":{"line":10,"column":29},"end":{"line":18,"column":5}},"line":10}},"branchMap":{},"s":{"0":2,"1":2,"2":2,"3":2,"4":2,"5":2},"f":{"0":2,"1":2},"b":{},"_coverageSchema":"1a1c01bbd47fc00a2c39e90264f33305004495a9","hash":"7f1d67142b193842e88b9b2700579ebdf06dd0f8"}
,"C:\\Users\\Caca\\Desktop\\Bootcamp\\p3\\DinasQ-Team1-Server\\models\\reimbursement.js": {"path":"C:\\Users\\Caca\\Desktop\\Bootcamp\\p3\\DinasQ-Team1-Server\\models\\reimbursement.js","statementMap":{"0":{"start":{"line":2,"column":18},"end":{"line":2,"column":38}},"1":{"start":{"line":3,"column":0},"end":{"line":76,"column":2}},"2":{"start":{"line":12,"column":6},"end":{"line":14,"column":9}},"3":{"start":{"line":17,"column":2},"end":{"line":74,"column":4}},"4":{"start":{"line":75,"column":2},"end":{"line":75,"column":23}}},"fnMap":{"0":{"name":"(anonymous_0)","decl":{"start":{"line":3,"column":17},"end":{"line":3,"column":18}},"loc":{"start":{"line":3,"column":43},"end":{"line":76,"column":1}},"line":3},"1":{"name":"(anonymous_1)","decl":{"start":{"line":10,"column":4},"end":{"line":10,"column":5}},"loc":{"start":{"line":10,"column":29},"end":{"line":15,"column":5}},"line":10}},"branchMap":{},"s":{"0":2,"1":2,"2":2,"3":2,"4":2},"f":{"0":2,"1":2},"b":{},"_coverageSchema":"1a1c01bbd47fc00a2c39e90264f33305004495a9","hash":"3569b3810f03043a9ee2fa0c2dd3c837a9bad461"}
,"C:\\Users\\Caca\\Desktop\\Bootcamp\\p3\\DinasQ-Team1-Server\\models\\user.js": {"path":"C:\\Users\\Caca\\Desktop\\Bootcamp\\p3\\DinasQ-Team1-Server\\models\\user.js","statementMap":{"0":{"start":{"line":2,"column":18},"end":{"line":2,"column":38}},"1":{"start":{"line":3,"column":25},"end":{"line":3,"column":53}},"2":{"start":{"line":4,"column":0},"end":{"line":107,"column":2}},"3":{"start":{"line":13,"column":6},"end":{"line":15,"column":9}},"4":{"start":{"line":16,"column":6},"end":{"line":18,"column":9}},"5":{"start":{"line":21,"column":2},"end":{"line":99,"column":4}},"6":{"start":{"line":100,"column":2},"end":{"line":102,"column":5}},"7":{"start":{"line":101,"column":4},"end":{"line":101,"column":60}},"8":{"start":{"line":103,"column":2},"end":{"line":105,"column":5}},"9":{"start":{"line":104,"column":4},"end":{"line":104,"column":60}},"10":{"start":{"line":106,"column":2},"end":{"line":106,"column":14}}},"fnMap":{"0":{"name":"(anonymous_0)","decl":{"start":{"line":4,"column":17},"end":{"line":4,"column":18}},"loc":{"start":{"line":4,"column":43},"end":{"line":107,"column":1}},"line":4},"1":{"name":"(anonymous_1)","decl":{"start":{"line":11,"column":4},"end":{"line":11,"column":5}},"loc":{"start":{"line":11,"column":29},"end":{"line":19,"column":5}},"line":11},"2":{"name":"(anonymous_2)","decl":{"start":{"line":100,"column":20},"end":{"line":100,"column":21}},"loc":{"start":{"line":100,"column":43},"end":{"line":102,"column":3}},"line":100},"3":{"name":"(anonymous_3)","decl":{"start":{"line":103,"column":20},"end":{"line":103,"column":21}},"loc":{"start":{"line":103,"column":43},"end":{"line":105,"column":3}},"line":103}},"branchMap":{},"s":{"0":2,"1":2,"2":2,"3":2,"4":2,"5":2,"6":2,"7":3,"8":2,"9":0,"10":2},"f":{"0":2,"1":2,"2":3,"3":0},"b":{},"_coverageSchema":"1a1c01bbd47fc00a2c39e90264f33305004495a9","hash":"8c4915215caad6768a232f655e65cc26e1d45b93"}
,"C:\\Users\\Caca\\Desktop\\Bootcamp\\p3\\DinasQ-Team1-Server\\models\\userlocation.js": {"path":"C:\\Users\\Caca\\Desktop\\Bootcamp\\p3\\DinasQ-Team1-Server\\models\\userlocation.js","statementMap":{"0":{"start":{"line":2,"column":18},"end":{"line":2,"column":38}},"1":{"start":{"line":3,"column":0},"end":{"line":30,"column":2}},"2":{"start":{"line":12,"column":6},"end":{"line":14,"column":9}},"3":{"start":{"line":17,"column":2},"end":{"line":28,"column":4}},"4":{"start":{"line":29,"column":2},"end":{"line":29,"column":22}}},"fnMap":{"0":{"name":"(anonymous_0)","decl":{"start":{"line":3,"column":17},"end":{"line":3,"column":18}},"loc":{"start":{"line":3,"column":43},"end":{"line":30,"column":1}},"line":3},"1":{"name":"(anonymous_1)","decl":{"start":{"line":10,"column":4},"end":{"line":10,"column":5}},"loc":{"start":{"line":10,"column":29},"end":{"line":15,"column":5}},"line":10}},"branchMap":{},"s":{"0":2,"1":2,"2":2,"3":2,"4":2},"f":{"0":2,"1":2},"b":{},"_coverageSchema":"1a1c01bbd47fc00a2c39e90264f33305004495a9","hash":"cdaffd0cd4919bd3794b71b5388b2e6a16af856b"}
,"C:\\Users\\Caca\\Desktop\\Bootcamp\\p3\\DinasQ-Team1-Server\\routes\\LetterRoute.js": {"path":"C:\\Users\\Caca\\Desktop\\Bootcamp\\p3\\DinasQ-Team1-Server\\routes\\LetterRoute.js","statementMap":{"0":{"start":{"line":1,"column":15},"end":{"line":1,"column":42}},"1":{"start":{"line":2,"column":33},"end":{"line":2,"column":83}},"2":{"start":{"line":4,"column":0},"end":{"line":4,"column":78}},"3":{"start":{"line":5,"column":0},"end":{"line":8,"column":2}},"4":{"start":{"line":9,"column":0},"end":{"line":9,"column":79}},"5":{"start":{"line":10,"column":0},"end":{"line":13,"column":2}},"6":{"start":{"line":15,"column":0},"end":{"line":15,"column":24}}},"fnMap":{},"branchMap":{},"s":{"0":2,"1":2,"2":2,"3":2,"4":2,"5":2,"6":2},"f":{},"b":{},"_coverageSchema":"1a1c01bbd47fc00a2c39e90264f33305004495a9","hash":"787329175b13b3da580391692398202a66079695"}
,"C:\\Users\\Caca\\Desktop\\Bootcamp\\p3\\DinasQ-Team1-Server\\routes\\ReimbursementRoute.js": {"path":"C:\\Users\\Caca\\Desktop\\Bootcamp\\p3\\DinasQ-Team1-Server\\routes\\ReimbursementRoute.js","statementMap":{"0":{"start":{"line":1,"column":15},"end":{"line":1,"column":42}},"1":{"start":{"line":2,"column":32},"end":{"line":2,"column":81}},"2":{"start":{"line":4,"column":0},"end":{"line":4,"column":73}},"3":{"start":{"line":5,"column":0},"end":{"line":5,"column":80}},"4":{"start":{"line":6,"column":0},"end":{"line":6,"column":76}},"5":{"start":{"line":7,"column":0},"end":{"line":10,"column":2}},"6":{"start":{"line":11,"column":0},"end":{"line":11,"column":24}}},"fnMap":{},"branchMap":{},"s":{"0":2,"1":2,"2":2,"3":2,"4":2,"5":2,"6":2},"f":{},"b":{},"_coverageSchema":"1a1c01bbd47fc00a2c39e90264f33305004495a9","hash":"d491f403360e4971080b0fcc9a7fe06150af22de"}
,"C:\\Users\\Caca\\Desktop\\Bootcamp\\p3\\DinasQ-Team1-Server\\routes\\UserLocationRoute.js": {"path":"C:\\Users\\Caca\\Desktop\\Bootcamp\\p3\\DinasQ-Team1-Server\\routes\\UserLocationRoute.js","statementMap":{"0":{"start":{"line":1,"column":15},"end":{"line":1,"column":42}},"1":{"start":{"line":2,"column":31},"end":{"line":2,"column":79}},"2":{"start":{"line":4,"column":0},"end":{"line":4,"column":62}},"3":{"start":{"line":5,"column":0},"end":{"line":5,"column":81}},"4":{"start":{"line":6,"column":0},"end":{"line":6,"column":68}},"5":{"start":{"line":7,"column":0},"end":{"line":7,"column":24}}},"fnMap":{},"branchMap":{},"s":{"0":2,"1":2,"2":2,"3":2,"4":2,"5":2},"f":{},"b":{},"_coverageSchema":"1a1c01bbd47fc00a2c39e90264f33305004495a9","hash":"6ede0c12557f584a66d32272ad836f979a85bea1"}
,"C:\\Users\\Caca\\Desktop\\Bootcamp\\p3\\DinasQ-Team1-Server\\routes\\UserRoute.js": {"path":"C:\\Users\\Caca\\Desktop\\Bootcamp\\p3\\DinasQ-Team1-Server\\routes\\UserRoute.js","statementMap":{"0":{"start":{"line":1,"column":15},"end":{"line":1,"column":42}},"1":{"start":{"line":2,"column":23},"end":{"line":2,"column":63}},"2":{"start":{"line":3,"column":28},"end":{"line":3,"column":77}},"3":{"start":{"line":4,"column":28},"end":{"line":4,"column":73}},"4":{"start":{"line":6,"column":0},"end":{"line":6,"column":63}},"5":{"start":{"line":8,"column":0},"end":{"line":8,"column":46}},"6":{"start":{"line":10,"column":0},"end":{"line":10,"column":53}},"7":{"start":{"line":12,"column":0},"end":{"line":12,"column":73}},"8":{"start":{"line":14,"column":0},"end":{"line":14,"column":76}},"9":{"start":{"line":16,"column":0},"end":{"line":16,"column":62}},"10":{"start":{"line":18,"column":0},"end":{"line":18,"column":24}}},"fnMap":{},"branchMap":{},"s":{"0":2,"1":2,"2":2,"3":2,"4":2,"5":2,"6":2,"7":2,"8":2,"9":2,"10":2},"f":{},"b":{},"_coverageSchema":"1a1c01bbd47fc00a2c39e90264f33305004495a9","hash":"5598e789db04c9a2bd676af34a1025d6610915a8"}
,"C:\\Users\\Caca\\Desktop\\Bootcamp\\p3\\DinasQ-Team1-Server\\routes\\index.js": {"path":"C:\\Users\\Caca\\Desktop\\Bootcamp\\p3\\DinasQ-Team1-Server\\routes\\index.js","statementMap":{"0":{"start":{"line":1,"column":15},"end":{"line":1,"column":42}},"1":{"start":{"line":2,"column":23},"end":{"line":2,"column":63}},"2":{"start":{"line":3,"column":23},"end":{"line":3,"column":63}},"3":{"start":{"line":4,"column":19},"end":{"line":4,"column":41}},"4":{"start":{"line":5,"column":21},"end":{"line":5,"column":45}},"5":{"start":{"line":6,"column":28},"end":{"line":6,"column":59}},"6":{"start":{"line":7,"column":31},"end":{"line":7,"column":61}},"7":{"start":{"line":9,"column":0},"end":{"line":9,"column":54}},"8":{"start":{"line":11,"column":0},"end":{"line":11,"column":49}},"9":{"start":{"line":13,"column":0},"end":{"line":13,"column":55}},"10":{"start":{"line":16,"column":0},"end":{"line":16,"column":27}},"11":{"start":{"line":17,"column":0},"end":{"line":17,"column":35}},"12":{"start":{"line":18,"column":0},"end":{"line":18,"column":23}},"13":{"start":{"line":19,"column":0},"end":{"line":19,"column":25}},"14":{"start":{"line":20,"column":0},"end":{"line":20,"column":32}},"15":{"start":{"line":22,"column":0},"end":{"line":22,"column":24}}},"fnMap":{},"branchMap":{},"s":{"0":2,"1":2,"2":2,"3":2,"4":2,"5":2,"6":2,"7":2,"8":2,"9":2,"10":2,"11":2,"12":2,"13":2,"14":2,"15":2},"f":{},"b":{},"_coverageSchema":"1a1c01bbd47fc00a2c39e90264f33305004495a9","hash":"202c0343eaaee8d03526ecd2ddd48e48407b5815"}
,"C:\\Users\\Caca\\Desktop\\Bootcamp\\p3\\DinasQ-Team1-Server\\services\\location.js": {"path":"C:\\Users\\Caca\\Desktop\\Bootcamp\\p3\\DinasQ-Team1-Server\\services\\location.js","statementMap":{"0":{"start":{"line":1,"column":14},"end":{"line":1,"column":30}},"1":{"start":{"line":2,"column":23},"end":{"line":2,"column":49}},"2":{"start":{"line":3,"column":20},"end":{"line":21,"column":1}},"3":{"start":{"line":4,"column":2},"end":{"line":20,"column":3}},"4":{"start":{"line":5,"column":25},"end":{"line":5,"column":32}},"5":{"start":{"line":7,"column":15},"end":{"line":9,"column":5}},"6":{"start":{"line":11,"column":19},"end":{"line":15,"column":6}},"7":{"start":{"line":14,"column":6},"end":{"line":14,"column":77}},"8":{"start":{"line":17,"column":4},"end":{"line":17,"column":33}},"9":{"start":{"line":19,"column":4},"end":{"line":19,"column":23}},"10":{"start":{"line":23,"column":19},"end":{"line":34,"column":1}},"11":{"start":{"line":24,"column":2},"end":{"line":33,"column":3}},"12":{"start":{"line":25,"column":19},"end":{"line":27,"column":5}},"13":{"start":{"line":28,"column":4},"end":{"line":28,"column":38}},"14":{"start":{"line":30,"column":4},"end":{"line":30,"column":20}},"15":{"start":{"line":32,"column":4},"end":{"line":32,"column":23}},"16":{"start":{"line":36,"column":0},"end":{"line":36,"column":45}}},"fnMap":{"0":{"name":"(anonymous_0)","decl":{"start":{"line":3,"column":20},"end":{"line":3,"column":21}},"loc":{"start":{"line":3,"column":39},"end":{"line":21,"column":1}},"line":3},"1":{"name":"(anonymous_1)","decl":{"start":{"line":11,"column":66},"end":{"line":11,"column":67}},"loc":{"start":{"line":13,"column":6},"end":{"line":15,"column":5}},"line":13},"2":{"name":"(anonymous_2)","decl":{"start":{"line":23,"column":19},"end":{"line":23,"column":20}},"loc":{"start":{"line":23,"column":31},"end":{"line":34,"column":1}},"line":23}},"branchMap":{},"s":{"0":2,"1":2,"2":2,"3":0,"4":0,"5":0,"6":0,"7":0,"8":0,"9":0,"10":2,"11":0,"12":0,"13":0,"14":0,"15":0,"16":2},"f":{"0":0,"1":0,"2":0},"b":{},"_coverageSchema":"1a1c01bbd47fc00a2c39e90264f33305004495a9","hash":"ad2322fce5b07839c04fd7bc51c31eac0d9d9d61"}
}
