{"C:\\Users\\Caca\\Desktop\\Bootcamp\\p3\\DinasQ-Team1-Server\\App.js": {"path":"C:\\Users\\Caca\\Desktop\\Bootcamp\\p3\\DinasQ-Team1-Server\\App.js","statementMap":{"0":{"start":{"line":1,"column":0},"end":{"line":1,"column":27}},"1":{"start":{"line":2,"column":16},"end":{"line":2,"column":34}},"2":{"start":{"line":3,"column":12},"end":{"line":3,"column":21}},"3":{"start":{"line":4,"column":13},"end":{"line":4,"column":28}},"4":{"start":{"line":5,"column":13},"end":{"line":5,"column":37}},"5":{"start":{"line":6,"column":15},"end":{"line":6,"column":34}},"6":{"start":{"line":7,"column":21},"end":{"line":7,"column":58}},"7":{"start":{"line":8,"column":13},"end":{"line":8,"column":28}},"8":{"start":{"line":9,"column":15},"end":{"line":9,"column":37}},"9":{"start":{"line":10,"column":19},"end":{"line":10,"column":39}},"10":{"start":{"line":12,"column":11},"end":{"line":14,"column":2}},"11":{"start":{"line":15,"column":0},"end":{"line":15,"column":16}},"12":{"start":{"line":16,"column":0},"end":{"line":16,"column":49}},"13":{"start":{"line":17,"column":0},"end":{"line":17,"column":24}},"14":{"start":{"line":19,"column":0},"end":{"line":22,"column":3}},"15":{"start":{"line":20,"column":2},"end":{"line":20,"column":14}},"16":{"start":{"line":21,"column":2},"end":{"line":21,"column":9}},"17":{"start":{"line":23,"column":0},"end":{"line":23,"column":16}},"18":{"start":{"line":24,"column":0},"end":{"line":24,"column":22}},"19":{"start":{"line":26,"column":0},"end":{"line":30,"column":1}},"20":{"start":{"line":27,"column":2},"end":{"line":29,"column":4}},"21":{"start":{"line":28,"column":4},"end":{"line":28,"column":57}},"22":{"start":{"line":32,"column":0},"end":{"line":32,"column":21}}},"fnMap":{"0":{"name":"(anonymous_0)","decl":{"start":{"line":19,"column":8},"end":{"line":19,"column":9}},"loc":{"start":{"line":19,"column":28},"end":{"line":22,"column":1}},"line":19},"1":{"name":"(anonymous_1)","decl":{"start":{"line":27,"column":22},"end":{"line":27,"column":23}},"loc":{"start":{"line":28,"column":4},"end":{"line":28,"column":57}},"line":28}},"branchMap":{"0":{"loc":{"start":{"line":5,"column":13},"end":{"line":5,"column":37}},"type":"binary-expr","locations":[{"start":{"line":5,"column":13},"end":{"line":5,"column":29}},{"start":{"line":5,"column":33},"end":{"line":5,"column":37}}],"line":5},"1":{"loc":{"start":{"line":26,"column":0},"end":{"line":30,"column":1}},"type":"if","locations":[{"start":{"line":26,"column":0},"end":{"line":30,"column":1}},{"start":{},"end":{}}],"line":26}},"s":{"0":1,"1":1,"2":1,"3":1,"4":1,"5":1,"6":1,"7":1,"8":1,"9":1,"10":1,"11":1,"12":1,"13":1,"14":1,"15":0,"16":0,"17":1,"18":1,"19":1,"20":0,"21":0,"22":1},"f":{"0":0,"1":0},"b":{"0":[1,1],"1":[0,1]},"_coverageSchema":"1a1c01bbd47fc00a2c39e90264f33305004495a9","hash":"8b34d47fdfb6b2dcf2dfb5d7f62b65389dd79843"}
,"C:\\Users\\Caca\\Desktop\\Bootcamp\\p3\\DinasQ-Team1-Server\\socketConfig.js": {"path":"C:\\Users\\Caca\\Desktop\\Bootcamp\\p3\\DinasQ-Team1-Server\\socketConfig.js","statementMap":{"0":{"start":{"line":1,"column":19},"end":{"line":1,"column":40}},"1":{"start":{"line":2,"column":11},"end":{"line":6,"column":2}},"2":{"start":{"line":7,"column":0},"end":{"line":16,"column":5}},"3":{"start":{"line":9,"column":4},"end":{"line":12,"column":7}},"4":{"start":{"line":10,"column":6},"end":{"line":10,"column":24}},"5":{"start":{"line":11,"column":6},"end":{"line":11,"column":35}},"6":{"start":{"line":13,"column":4},"end":{"line":15,"column":7}},"7":{"start":{"line":14,"column":6},"end":{"line":14,"column":36}},"8":{"start":{"line":18,"column":0},"end":{"line":18,"column":20}}},"fnMap":{"0":{"name":"(anonymous_0)","decl":{"start":{"line":7,"column":20},"end":{"line":7,"column":21}},"loc":{"start":{"line":7,"column":32},"end":{"line":16,"column":3}},"line":7},"1":{"name":"(anonymous_1)","decl":{"start":{"line":9,"column":30},"end":{"line":9,"column":31}},"loc":{"start":{"line":9,"column":40},"end":{"line":12,"column":5}},"line":9},"2":{"name":"(anonymous_2)","decl":{"start":{"line":13,"column":30},"end":{"line":13,"column":31}},"loc":{"start":{"line":13,"column":40},"end":{"line":15,"column":5}},"line":13}},"branchMap":{},"s":{"0":1,"1":1,"2":1,"3":1,"4":0,"5":0,"6":1,"7":0,"8":1},"f":{"0":1,"1":0,"2":0},"b":{},"_coverageSchema":"1a1c01bbd47fc00a2c39e90264f33305004495a9","hash":"1b75739d558f357c5245e89288d8cbb68bc47a47"}
,"C:\\Users\\Caca\\Desktop\\Bootcamp\\p3\\DinasQ-Team1-Server\\bin\\http.js": {"path":"C:\\Users\\Caca\\Desktop\\Bootcamp\\p3\\DinasQ-Team1-Server\\bin\\http.js","statementMap":{"0":{"start":{"line":1,"column":12},"end":{"line":1,"column":29}},"1":{"start":{"line":2,"column":13},"end":{"line":2,"column":28}},"2":{"start":{"line":3,"column":15},"end":{"line":3,"column":37}},"3":{"start":{"line":4,"column":13},"end":{"line":4,"column":37}},"4":{"start":{"line":6,"column":0},"end":{"line":8,"column":3}},"5":{"start":{"line":7,"column":2},"end":{"line":7,"column":50}},"6":{"start":{"line":10,"column":0},"end":{"line":10,"column":24}}},"fnMap":{"0":{"name":"(anonymous_0)","decl":{"start":{"line":6,"column":20},"end":{"line":6,"column":21}},"loc":{"start":{"line":6,"column":27},"end":{"line":8,"column":1}},"line":6}},"branchMap":{"0":{"loc":{"start":{"line":4,"column":13},"end":{"line":4,"column":37}},"type":"binary-expr","locations":[{"start":{"line":4,"column":13},"end":{"line":4,"column":29}},{"start":{"line":4,"column":33},"end":{"line":4,"column":37}}],"line":4}},"s":{"0":1,"1":1,"2":1,"3":1,"4":1,"5":1,"6":1},"f":{"0":1},"b":{"0":[1,1]},"_coverageSchema":"1a1c01bbd47fc00a2c39e90264f33305004495a9","hash":"0fac4d5f118a138ab318cfd0fc0dafd375a21da2"}
,"C:\\Users\\Caca\\Desktop\\Bootcamp\\p3\\DinasQ-Team1-Server\\controllers\\OfficialLetterController.js": {"path":"C:\\Users\\Caca\\Desktop\\Bootcamp\\p3\\DinasQ-Team1-Server\\controllers\\OfficialLetterController.js","statementMap":{"0":{"start":{"line":1,"column":42},"end":{"line":1,"column":62}},"1":{"start":{"line":5,"column":4},"end":{"line":27,"column":5}},"2":{"start":{"line":6,"column":36},"end":{"line":6,"column":45}},"3":{"start":{"line":7,"column":19},"end":{"line":7,"column":28}},"4":{"start":{"line":8,"column":20},"end":{"line":8,"column":36}},"5":{"start":{"line":9,"column":21},"end":{"line":9,"column":45}},"6":{"start":{"line":10,"column":23},"end":{"line":18,"column":8}},"7":{"start":{"line":19,"column":6},"end":{"line":24,"column":9}},"8":{"start":{"line":26,"column":6},"end":{"line":26,"column":16}},"9":{"start":{"line":31,"column":4},"end":{"line":40,"column":5}},"10":{"start":{"line":32,"column":21},"end":{"line":32,"column":31}},"11":{"start":{"line":33,"column":23},"end":{"line":35,"column":8}},"12":{"start":{"line":36,"column":6},"end":{"line":36,"column":61}},"13":{"start":{"line":36,"column":21},"end":{"line":36,"column":61}},"14":{"start":{"line":37,"column":6},"end":{"line":37,"column":37}},"15":{"start":{"line":39,"column":6},"end":{"line":39,"column":16}},"16":{"start":{"line":44,"column":4},"end":{"line":63,"column":5}},"17":{"start":{"line":45,"column":21},"end":{"line":45,"column":32}},"18":{"start":{"line":46,"column":25},"end":{"line":59,"column":8}},"19":{"start":{"line":60,"column":6},"end":{"line":60,"column":39}},"20":{"start":{"line":62,"column":6},"end":{"line":62,"column":16}},"21":{"start":{"line":67,"column":4},"end":{"line":82,"column":5}},"22":{"start":{"line":68,"column":21},"end":{"line":68,"column":29}},"23":{"start":{"line":69,"column":64},"end":{"line":69,"column":72}},"24":{"start":{"line":70,"column":25},"end":{"line":77,"column":8}},"25":{"start":{"line":78,"column":6},"end":{"line":78,"column":46}},"26":{"start":{"line":79,"column":6},"end":{"line":79,"column":80}},"27":{"start":{"line":81,"column":6},"end":{"line":81,"column":16}},"28":{"start":{"line":86,"column":4},"end":{"line":105,"column":5}},"29":{"start":{"line":87,"column":21},"end":{"line":87,"column":31}},"30":{"start":{"line":88,"column":25},"end":{"line":88,"column":33}},"31":{"start":{"line":89,"column":21},"end":{"line":89,"column":54}},"32":{"start":{"line":90,"column":24},"end":{"line":90,"column":68}},"33":{"start":{"line":91,"column":6},"end":{"line":91,"column":59}},"34":{"start":{"line":91,"column":19},"end":{"line":91,"column":59}},"35":{"start":{"line":92,"column":27},"end":{"line":99,"column":7}},"36":{"start":{"line":100,"column":6},"end":{"line":102,"column":9}},"37":{"start":{"line":104,"column":6},"end":{"line":104,"column":16}},"38":{"start":{"line":109,"column":0},"end":{"line":109,"column":42}}},"fnMap":{"0":{"name":"(anonymous_0)","decl":{"start":{"line":4,"column":2},"end":{"line":4,"column":3}},"loc":{"start":{"line":4,"column":52},"end":{"line":28,"column":3}},"line":4},"1":{"name":"(anonymous_1)","decl":{"start":{"line":30,"column":2},"end":{"line":30,"column":3}},"loc":{"start":{"line":30,"column":53},"end":{"line":41,"column":3}},"line":30},"2":{"name":"(anonymous_2)","decl":{"start":{"line":43,"column":2},"end":{"line":43,"column":3}},"loc":{"start":{"line":43,"column":54},"end":{"line":64,"column":3}},"line":43},"3":{"name":"(anonymous_3)","decl":{"start":{"line":66,"column":2},"end":{"line":66,"column":3}},"loc":{"start":{"line":66,"column":52},"end":{"line":83,"column":3}},"line":66},"4":{"name":"(anonymous_4)","decl":{"start":{"line":85,"column":2},"end":{"line":85,"column":3}},"loc":{"start":{"line":85,"column":50},"end":{"line":106,"column":3}},"line":85}},"branchMap":{"0":{"loc":{"start":{"line":8,"column":20},"end":{"line":8,"column":36}},"type":"cond-expr","locations":[{"start":{"line":8,"column":27},"end":{"line":8,"column":32}},{"start":{"line":8,"column":35},"end":{"line":8,"column":36}}],"line":8},"1":{"loc":{"start":{"line":9,"column":21},"end":{"line":9,"column":45}},"type":"cond-expr","locations":[{"start":{"line":9,"column":28},"end":{"line":9,"column":41}},{"start":{"line":9,"column":44},"end":{"line":9,"column":45}}],"line":9},"2":{"loc":{"start":{"line":36,"column":6},"end":{"line":36,"column":61}},"type":"if","locations":[{"start":{"line":36,"column":6},"end":{"line":36,"column":61}},{"start":{},"end":{}}],"line":36},"3":{"loc":{"start":{"line":91,"column":6},"end":{"line":91,"column":59}},"type":"if","locations":[{"start":{"line":91,"column":6},"end":{"line":91,"column":59}},{"start":{},"end":{}}],"line":91}},"s":{"0":1,"1":0,"2":0,"3":0,"4":0,"5":0,"6":0,"7":0,"8":0,"9":0,"10":0,"11":0,"12":0,"13":0,"14":0,"15":0,"16":0,"17":0,"18":0,"19":0,"20":0,"21":0,"22":0,"23":0,"24":0,"25":0,"26":0,"27":0,"28":0,"29":0,"30":0,"31":0,"32":0,"33":0,"34":0,"35":0,"36":0,"37":0,"38":1},"f":{"0":0,"1":0,"2":0,"3":0,"4":0},"b":{"0":[0,0],"1":[0,0],"2":[0,0],"3":[0,0]},"_coverageSchema":"1a1c01bbd47fc00a2c39e90264f33305004495a9","hash":"dfc4339f4b443d08d4d5ca3e95e150139c0e87aa"}
,"C:\\Users\\Caca\\Desktop\\Bootcamp\\p3\\DinasQ-Team1-Server\\controllers\\ReimbursementController.js": {"path":"C:\\Users\\Caca\\Desktop\\Bootcamp\\p3\\DinasQ-Team1-Server\\controllers\\ReimbursementController.js","statementMap":{"0":{"start":{"line":1,"column":48},"end":{"line":1,"column":68}},"1":{"start":{"line":2,"column":24},"end":{"line":2,"column":52}},"2":{"start":{"line":3,"column":19},"end":{"line":3,"column":40}},"3":{"start":{"line":7,"column":4},"end":{"line":25,"column":5}},"4":{"start":{"line":8,"column":36},"end":{"line":8,"column":45}},"5":{"start":{"line":9,"column":19},"end":{"line":9,"column":28}},"6":{"start":{"line":10,"column":20},"end":{"line":10,"column":36}},"7":{"start":{"line":11,"column":21},"end":{"line":11,"column":45}},"8":{"start":{"line":12,"column":23},"end":{"line":16,"column":8}},"9":{"start":{"line":17,"column":6},"end":{"line":22,"column":9}},"10":{"start":{"line":24,"column":6},"end":{"line":24,"column":16}},"11":{"start":{"line":29,"column":4},"end":{"line":36,"column":5}},"12":{"start":{"line":30,"column":21},"end":{"line":30,"column":31}},"13":{"start":{"line":31,"column":23},"end":{"line":31,"column":55}},"14":{"start":{"line":32,"column":6},"end":{"line":32,"column":68}},"15":{"start":{"line":32,"column":21},"end":{"line":32,"column":68}},"16":{"start":{"line":33,"column":6},"end":{"line":33,"column":37}},"17":{"start":{"line":35,"column":6},"end":{"line":35,"column":16}},"18":{"start":{"line":40,"column":4},"end":{"line":48,"column":5}},"19":{"start":{"line":41,"column":35},"end":{"line":41,"column":45}},"20":{"start":{"line":42,"column":23},"end":{"line":44,"column":8}},"21":{"start":{"line":45,"column":6},"end":{"line":45,"column":37}},"22":{"start":{"line":47,"column":6},"end":{"line":47,"column":16}},"23":{"start":{"line":52,"column":4},"end":{"line":63,"column":5}},"24":{"start":{"line":53,"column":61},"end":{"line":53,"column":69}},"25":{"start":{"line":54,"column":27},"end":{"line":56,"column":8}},"26":{"start":{"line":57,"column":6},"end":{"line":57,"column":53}},"27":{"start":{"line":58,"column":6},"end":{"line":60,"column":74}},"28":{"start":{"line":62,"column":6},"end":{"line":62,"column":16}},"29":{"start":{"line":67,"column":4},"end":{"line":114,"column":5}},"30":{"start":{"line":68,"column":21},"end":{"line":68,"column":31}},"31":{"start":{"line":69,"column":32},"end":{"line":69,"column":40}},"32":{"start":{"line":70,"column":6},"end":{"line":70,"column":36}},"33":{"start":{"line":71,"column":24},"end":{"line":71,"column":68}},"34":{"start":{"line":72,"column":24},"end":{"line":72,"column":56}},"35":{"start":{"line":73,"column":6},"end":{"line":73,"column":69}},"36":{"start":{"line":73,"column":22},"end":{"line":73,"column":69}},"37":{"start":{"line":74,"column":27},"end":{"line":81,"column":7}},"38":{"start":{"line":82,"column":6},"end":{"line":82,"column":55}},"39":{"start":{"line":83,"column":28},"end":{"line":89,"column":8}},"40":{"start":{"line":91,"column":24},"end":{"line":100,"column":7}},"41":{"start":{"line":102,"column":6},"end":{"line":108,"column":9}},"42":{"start":{"line":103,"column":8},"end":{"line":107,"column":9}},"43":{"start":{"line":104,"column":10},"end":{"line":104,"column":38}},"44":{"start":{"line":106,"column":10},"end":{"line":106,"column":49}},"45":{"start":{"line":109,"column":6},"end":{"line":111,"column":9}},"46":{"start":{"line":113,"column":6},"end":{"line":113,"column":16}},"47":{"start":{"line":118,"column":4},"end":{"line":139,"column":5}},"48":{"start":{"line":119,"column":21},"end":{"line":119,"column":31}},"49":{"start":{"line":120,"column":28},"end":{"line":131,"column":8}},"50":{"start":{"line":132,"column":6},"end":{"line":132,"column":73}},"51":{"start":{"line":132,"column":26},"end":{"line":132,"column":73}},"52":{"start":{"line":134,"column":6},"end":{"line":134,"column":44}},"53":{"start":{"line":136,"column":6},"end":{"line":136,"column":42}},"54":{"start":{"line":138,"column":6},"end":{"line":138,"column":18}},"55":{"start":{"line":143,"column":0},"end":{"line":143,"column":41}}},"fnMap":{"0":{"name":"(anonymous_0)","decl":{"start":{"line":6,"column":2},"end":{"line":6,"column":3}},"loc":{"start":{"line":6,"column":49},"end":{"line":26,"column":3}},"line":6},"1":{"name":"(anonymous_1)","decl":{"start":{"line":28,"column":2},"end":{"line":28,"column":3}},"loc":{"start":{"line":28,"column":52},"end":{"line":37,"column":3}},"line":28},"2":{"name":"(anonymous_2)","decl":{"start":{"line":39,"column":2},"end":{"line":39,"column":3}},"loc":{"start":{"line":39,"column":58},"end":{"line":49,"column":3}},"line":39},"3":{"name":"(anonymous_3)","decl":{"start":{"line":51,"column":2},"end":{"line":51,"column":3}},"loc":{"start":{"line":51,"column":51},"end":{"line":64,"column":3}},"line":51},"4":{"name":"(anonymous_4)","decl":{"start":{"line":66,"column":2},"end":{"line":66,"column":3}},"loc":{"start":{"line":66,"column":57},"end":{"line":115,"column":3}},"line":66},"5":{"name":"(anonymous_5)","decl":{"start":{"line":102,"column":44},"end":{"line":102,"column":45}},"loc":{"start":{"line":102,"column":65},"end":{"line":108,"column":7}},"line":102},"6":{"name":"(anonymous_6)","decl":{"start":{"line":117,"column":2},"end":{"line":117,"column":3}},"loc":{"start":{"line":117,"column":38},"end":{"line":140,"column":3}},"line":117}},"branchMap":{"0":{"loc":{"start":{"line":10,"column":20},"end":{"line":10,"column":36}},"type":"cond-expr","locations":[{"start":{"line":10,"column":27},"end":{"line":10,"column":32}},{"start":{"line":10,"column":35},"end":{"line":10,"column":36}}],"line":10},"1":{"loc":{"start":{"line":11,"column":21},"end":{"line":11,"column":45}},"type":"cond-expr","locations":[{"start":{"line":11,"column":28},"end":{"line":11,"column":41}},{"start":{"line":11,"column":44},"end":{"line":11,"column":45}}],"line":11},"2":{"loc":{"start":{"line":32,"column":6},"end":{"line":32,"column":68}},"type":"if","locations":[{"start":{"line":32,"column":6},"end":{"line":32,"column":68}},{"start":{},"end":{}}],"line":32},"3":{"loc":{"start":{"line":73,"column":6},"end":{"line":73,"column":69}},"type":"if","locations":[{"start":{"line":73,"column":6},"end":{"line":73,"column":69}},{"start":{},"end":{}}],"line":73},"4":{"loc":{"start":{"line":103,"column":8},"end":{"line":107,"column":9}},"type":"if","locations":[{"start":{"line":103,"column":8},"end":{"line":107,"column":9}},{"start":{"line":105,"column":15},"end":{"line":107,"column":9}}],"line":103},"5":{"loc":{"start":{"line":132,"column":6},"end":{"line":132,"column":73}},"type":"if","locations":[{"start":{"line":132,"column":6},"end":{"line":132,"column":73}},{"start":{},"end":{}}],"line":132}},"s":{"0":1,"1":1,"2":1,"3":0,"4":0,"5":0,"6":0,"7":0,"8":0,"9":0,"10":0,"11":0,"12":0,"13":0,"14":0,"15":0,"16":0,"17":0,"18":0,"19":0,"20":0,"21":0,"22":0,"23":0,"24":0,"25":0,"26":0,"27":0,"28":0,"29":0,"30":0,"31":0,"32":0,"33":0,"34":0,"35":0,"36":0,"37":0,"38":0,"39":0,"40":0,"41":0,"42":0,"43":0,"44":0,"45":0,"46":0,"47":0,"48":0,"49":0,"50":0,"51":0,"52":0,"53":0,"54":0,"55":1},"f":{"0":0,"1":0,"2":0,"3":0,"4":0,"5":0,"6":0},"b":{"0":[0,0],"1":[0,0],"2":[0,0],"3":[0,0],"4":[0,0],"5":[0,0]},"_coverageSchema":"1a1c01bbd47fc00a2c39e90264f33305004495a9","hash":"b550b9a918acb7e1fe4357ab4a99c3a1ef66867f"}
,"C:\\Users\\Caca\\Desktop\\Bootcamp\\p3\\DinasQ-Team1-Server\\controllers\\UserController.js": {"path":"C:\\Users\\Caca\\Desktop\\Bootcamp\\p3\\DinasQ-Team1-Server\\controllers\\UserController.js","statementMap":{"0":{"start":{"line":1,"column":59},"end":{"line":1,"column":79}},"1":{"start":{"line":2,"column":41},"end":{"line":2,"column":69}},"2":{"start":{"line":3,"column":24},"end":{"line":3,"column":49}},"3":{"start":{"line":4,"column":36},"end":{"line":4,"column":67}},"4":{"start":{"line":8,"column":4},"end":{"line":25,"column":5}},"5":{"start":{"line":18,"column":10},"end":{"line":18,"column":18}},"6":{"start":{"line":19,"column":22},"end":{"line":21,"column":8}},"7":{"start":{"line":22,"column":6},"end":{"line":22,"column":74}},"8":{"start":{"line":24,"column":6},"end":{"line":24,"column":16}},"9":{"start":{"line":29,"column":4},"end":{"line":49,"column":5}},"10":{"start":{"line":30,"column":34},"end":{"line":30,"column":42}},"11":{"start":{"line":31,"column":19},"end":{"line":33,"column":8}},"12":{"start":{"line":34,"column":6},"end":{"line":34,"column":55}},"13":{"start":{"line":34,"column":17},"end":{"line":34,"column":55}},"14":{"start":{"line":35,"column":6},"end":{"line":37,"column":7}},"15":{"start":{"line":36,"column":8},"end":{"line":36,"column":42}},"16":{"start":{"line":38,"column":6},"end":{"line":40,"column":7}},"17":{"start":{"line":39,"column":8},"end":{"line":39,"column":46}},"18":{"start":{"line":41,"column":20},"end":{"line":45,"column":8}},"19":{"start":{"line":46,"column":6},"end":{"line":46,"column":78}},"20":{"start":{"line":48,"column":6},"end":{"line":48,"column":16}},"21":{"start":{"line":53,"column":4},"end":{"line":70,"column":5}},"22":{"start":{"line":54,"column":34},"end":{"line":54,"column":42}},"23":{"start":{"line":55,"column":19},"end":{"line":57,"column":8}},"24":{"start":{"line":58,"column":6},"end":{"line":58,"column":55}},"25":{"start":{"line":58,"column":17},"end":{"line":58,"column":55}},"26":{"start":{"line":59,"column":6},"end":{"line":61,"column":7}},"27":{"start":{"line":60,"column":8},"end":{"line":60,"column":46}},"28":{"start":{"line":62,"column":20},"end":{"line":66,"column":8}},"29":{"start":{"line":67,"column":6},"end":{"line":67,"column":78}},"30":{"start":{"line":69,"column":6},"end":{"line":69,"column":16}},"31":{"start":{"line":74,"column":4},"end":{"line":103,"column":5}},"32":{"start":{"line":75,"column":36},"end":{"line":75,"column":45}},"33":{"start":{"line":76,"column":19},"end":{"line":76,"column":28}},"34":{"start":{"line":77,"column":20},"end":{"line":77,"column":36}},"35":{"start":{"line":78,"column":21},"end":{"line":78,"column":45}},"36":{"start":{"line":79,"column":23},"end":{"line":94,"column":8}},"37":{"start":{"line":95,"column":6},"end":{"line":100,"column":9}},"38":{"start":{"line":102,"column":6},"end":{"line":102,"column":16}},"39":{"start":{"line":107,"column":4},"end":{"line":134,"column":5}},"40":{"start":{"line":108,"column":23},"end":{"line":130,"column":8}},"41":{"start":{"line":131,"column":6},"end":{"line":131,"column":37}},"42":{"start":{"line":133,"column":6},"end":{"line":133,"column":16}},"43":{"start":{"line":138,"column":4},"end":{"line":167,"column":5}},"44":{"start":{"line":139,"column":21},"end":{"line":139,"column":31}},"45":{"start":{"line":140,"column":23},"end":{"line":162,"column":8}},"46":{"start":{"line":163,"column":6},"end":{"line":163,"column":59}},"47":{"start":{"line":163,"column":21},"end":{"line":163,"column":59}},"48":{"start":{"line":164,"column":6},"end":{"line":164,"column":37}},"49":{"start":{"line":166,"column":6},"end":{"line":166,"column":16}},"50":{"start":{"line":171,"column":4},"end":{"line":199,"column":5}},"51":{"start":{"line":172,"column":21},"end":{"line":172,"column":29}},"52":{"start":{"line":173,"column":23},"end":{"line":194,"column":8}},"53":{"start":{"line":195,"column":6},"end":{"line":195,"column":59}},"54":{"start":{"line":195,"column":21},"end":{"line":195,"column":59}},"55":{"start":{"line":196,"column":6},"end":{"line":196,"column":37}},"56":{"start":{"line":198,"column":6},"end":{"line":198,"column":16}},"57":{"start":{"line":203,"column":4},"end":{"line":229,"column":5}},"58":{"start":{"line":212,"column":10},"end":{"line":212,"column":18}},"59":{"start":{"line":213,"column":21},"end":{"line":213,"column":31}},"60":{"start":{"line":214,"column":23},"end":{"line":214,"column":46}},"61":{"start":{"line":215,"column":6},"end":{"line":215,"column":59}},"62":{"start":{"line":215,"column":21},"end":{"line":215,"column":59}},"63":{"start":{"line":216,"column":25},"end":{"line":223,"column":7}},"64":{"start":{"line":224,"column":6},"end":{"line":226,"column":72}},"65":{"start":{"line":228,"column":6},"end":{"line":228,"column":16}},"66":{"start":{"line":234,"column":4},"end":{"line":266,"column":5}},"67":{"start":{"line":235,"column":21},"end":{"line":235,"column":31}},"68":{"start":{"line":236,"column":23},"end":{"line":236,"column":46}},"69":{"start":{"line":237,"column":6},"end":{"line":237,"column":59}},"70":{"start":{"line":237,"column":21},"end":{"line":237,"column":59}},"71":{"start":{"line":243,"column":25},"end":{"line":246,"column":8}},"72":{"start":{"line":259,"column":6},"end":{"line":261,"column":72}},"73":{"start":{"line":263,"column":6},"end":{"line":263,"column":48}},"74":{"start":{"line":265,"column":6},"end":{"line":265,"column":16}},"75":{"start":{"line":270,"column":4},"end":{"line":290,"column":5}},"76":{"start":{"line":271,"column":21},"end":{"line":271,"column":29}},"77":{"start":{"line":272,"column":25},"end":{"line":272,"column":33}},"78":{"start":{"line":273,"column":6},"end":{"line":273,"column":58}},"79":{"start":{"line":273,"column":21},"end":{"line":273,"column":58}},"80":{"start":{"line":275,"column":6},"end":{"line":275,"column":28}},"81":{"start":{"line":276,"column":23},"end":{"line":276,"column":46}},"82":{"start":{"line":277,"column":6},"end":{"line":277,"column":59}},"83":{"start":{"line":277,"column":21},"end":{"line":277,"column":59}},"84":{"start":{"line":278,"column":25},"end":{"line":286,"column":7}},"85":{"start":{"line":287,"column":6},"end":{"line":287,"column":69}},"86":{"start":{"line":289,"column":6},"end":{"line":289,"column":16}},"87":{"start":{"line":294,"column":0},"end":{"line":294,"column":32}}},"fnMap":{"0":{"name":"(anonymous_0)","decl":{"start":{"line":7,"column":2},"end":{"line":7,"column":3}},"loc":{"start":{"line":7,"column":44},"end":{"line":26,"column":3}},"line":7},"1":{"name":"(anonymous_1)","decl":{"start":{"line":28,"column":2},"end":{"line":28,"column":3}},"loc":{"start":{"line":28,"column":42},"end":{"line":50,"column":3}},"line":28},"2":{"name":"(anonymous_2)","decl":{"start":{"line":52,"column":2},"end":{"line":52,"column":3}},"loc":{"start":{"line":52,"column":44},"end":{"line":71,"column":3}},"line":52},"3":{"name":"(anonymous_3)","decl":{"start":{"line":73,"column":2},"end":{"line":73,"column":3}},"loc":{"start":{"line":73,"column":40},"end":{"line":104,"column":3}},"line":73},"4":{"name":"(anonymous_4)","decl":{"start":{"line":106,"column":2},"end":{"line":106,"column":3}},"loc":{"start":{"line":106,"column":50},"end":{"line":135,"column":3}},"line":106},"5":{"name":"(anonymous_5)","decl":{"start":{"line":137,"column":2},"end":{"line":137,"column":3}},"loc":{"start":{"line":137,"column":43},"end":{"line":168,"column":3}},"line":137},"6":{"name":"(anonymous_6)","decl":{"start":{"line":170,"column":2},"end":{"line":170,"column":3}},"loc":{"start":{"line":170,"column":50},"end":{"line":200,"column":3}},"line":170},"7":{"name":"(anonymous_7)","decl":{"start":{"line":202,"column":2},"end":{"line":202,"column":3}},"loc":{"start":{"line":202,"column":42},"end":{"line":230,"column":3}},"line":202},"8":{"name":"(anonymous_8)","decl":{"start":{"line":232,"column":2},"end":{"line":232,"column":3}},"loc":{"start":{"line":232,"column":42},"end":{"line":267,"column":3}},"line":232},"9":{"name":"(anonymous_9)","decl":{"start":{"line":269,"column":2},"end":{"line":269,"column":3}},"loc":{"start":{"line":269,"column":54},"end":{"line":291,"column":3}},"line":269}},"branchMap":{"0":{"loc":{"start":{"line":34,"column":6},"end":{"line":34,"column":55}},"type":"if","locations":[{"start":{"line":34,"column":6},"end":{"line":34,"column":55}},{"start":{},"end":{}}],"line":34},"1":{"loc":{"start":{"line":35,"column":6},"end":{"line":37,"column":7}},"type":"if","locations":[{"start":{"line":35,"column":6},"end":{"line":37,"column":7}},{"start":{},"end":{}}],"line":35},"2":{"loc":{"start":{"line":35,"column":10},"end":{"line":35,"column":60}},"type":"binary-expr","locations":[{"start":{"line":35,"column":10},"end":{"line":35,"column":36}},{"start":{"line":35,"column":40},"end":{"line":35,"column":60}}],"line":35},"3":{"loc":{"start":{"line":38,"column":6},"end":{"line":40,"column":7}},"type":"if","locations":[{"start":{"line":38,"column":6},"end":{"line":40,"column":7}},{"start":{},"end":{}}],"line":38},"4":{"loc":{"start":{"line":58,"column":6},"end":{"line":58,"column":55}},"type":"if","locations":[{"start":{"line":58,"column":6},"end":{"line":58,"column":55}},{"start":{},"end":{}}],"line":58},"5":{"loc":{"start":{"line":59,"column":6},"end":{"line":61,"column":7}},"type":"if","locations":[{"start":{"line":59,"column":6},"end":{"line":61,"column":7}},{"start":{},"end":{}}],"line":59},"6":{"loc":{"start":{"line":77,"column":20},"end":{"line":77,"column":36}},"type":"cond-expr","locations":[{"start":{"line":77,"column":27},"end":{"line":77,"column":32}},{"start":{"line":77,"column":35},"end":{"line":77,"column":36}}],"line":77},"7":{"loc":{"start":{"line":78,"column":21},"end":{"line":78,"column":45}},"type":"cond-expr","locations":[{"start":{"line":78,"column":28},"end":{"line":78,"column":41}},{"start":{"line":78,"column":44},"end":{"line":78,"column":45}}],"line":78},"8":{"loc":{"start":{"line":163,"column":6},"end":{"line":163,"column":59}},"type":"if","locations":[{"start":{"line":163,"column":6},"end":{"line":163,"column":59}},{"start":{},"end":{}}],"line":163},"9":{"loc":{"start":{"line":195,"column":6},"end":{"line":195,"column":59}},"type":"if","locations":[{"start":{"line":195,"column":6},"end":{"line":195,"column":59}},{"start":{},"end":{}}],"line":195},"10":{"loc":{"start":{"line":215,"column":6},"end":{"line":215,"column":59}},"type":"if","locations":[{"start":{"line":215,"column":6},"end":{"line":215,"column":59}},{"start":{},"end":{}}],"line":215},"11":{"loc":{"start":{"line":237,"column":6},"end":{"line":237,"column":59}},"type":"if","locations":[{"start":{"line":237,"column":6},"end":{"line":237,"column":59}},{"start":{},"end":{}}],"line":237},"12":{"loc":{"start":{"line":273,"column":6},"end":{"line":273,"column":58}},"type":"if","locations":[{"start":{"line":273,"column":6},"end":{"line":273,"column":58}},{"start":{},"end":{}}],"line":273},"13":{"loc":{"start":{"line":277,"column":6},"end":{"line":277,"column":59}},"type":"if","locations":[{"start":{"line":277,"column":6},"end":{"line":277,"column":59}},{"start":{},"end":{}}],"line":277}},"s":{"0":1,"1":1,"2":1,"3":1,"4":0,"5":0,"6":0,"7":0,"8":0,"9":0,"10":0,"11":0,"12":0,"13":0,"14":0,"15":0,"16":0,"17":0,"18":0,"19":0,"20":0,"21":0,"22":0,"23":0,"24":0,"25":0,"26":0,"27":0,"28":0,"29":0,"30":0,"31":0,"32":0,"33":0,"34":0,"35":0,"36":0,"37":0,"38":0,"39":0,"40":0,"41":0,"42":0,"43":0,"44":0,"45":0,"46":0,"47":0,"48":0,"49":0,"50":0,"51":0,"52":0,"53":0,"54":0,"55":0,"56":0,"57":0,"58":0,"59":0,"60":0,"61":0,"62":0,"63":0,"64":0,"65":0,"66":0,"67":0,"68":0,"69":0,"70":0,"71":0,"72":0,"73":0,"74":0,"75":0,"76":0,"77":0,"78":0,"79":0,"80":0,"81":0,"82":0,"83":0,"84":0,"85":0,"86":0,"87":1},"f":{"0":0,"1":0,"2":0,"3":0,"4":0,"5":0,"6":0,"7":0,"8":0,"9":0},"b":{"0":[0,0],"1":[0,0],"2":[0,0],"3":[0,0],"4":[0,0],"5":[0,0],"6":[0,0],"7":[0,0],"8":[0,0],"9":[0,0],"10":[0,0],"11":[0,0],"12":[0,0],"13":[0,0]},"_coverageSchema":"1a1c01bbd47fc00a2c39e90264f33305004495a9","hash":"1d7da5473f694aea3cf45832bbbec6a74c68d1e8"}
,"C:\\Users\\Caca\\Desktop\\Bootcamp\\p3\\DinasQ-Team1-Server\\controllers\\UserLocationController.js": {"path":"C:\\Users\\Caca\\Desktop\\Bootcamp\\p3\\DinasQ-Team1-Server\\controllers\\UserLocationController.js","statementMap":{"0":{"start":{"line":1,"column":42},"end":{"line":1,"column":62}},"1":{"start":{"line":5,"column":4},"end":{"line":22,"column":5}},"2":{"start":{"line":6,"column":21},"end":{"line":6,"column":29}},"3":{"start":{"line":7,"column":48},"end":{"line":7,"column":56}},"4":{"start":{"line":8,"column":6},"end":{"line":9,"column":46}},"5":{"start":{"line":9,"column":8},"end":{"line":9,"column":46}},"6":{"start":{"line":10,"column":22},"end":{"line":15,"column":8}},"7":{"start":{"line":16,"column":6},"end":{"line":18,"column":69}},"8":{"start":{"line":20,"column":6},"end":{"line":20,"column":23}},"9":{"start":{"line":21,"column":6},"end":{"line":21,"column":16}},"10":{"start":{"line":27,"column":4},"end":{"line":52,"column":5}},"11":{"start":{"line":28,"column":21},"end":{"line":28,"column":29}},"12":{"start":{"line":29,"column":22},"end":{"line":48,"column":8}},"13":{"start":{"line":49,"column":6},"end":{"line":49,"column":36}},"14":{"start":{"line":51,"column":6},"end":{"line":51,"column":16}},"15":{"start":{"line":56,"column":4},"end":{"line":67,"column":5}},"16":{"start":{"line":57,"column":24},"end":{"line":63,"column":8}},"17":{"start":{"line":64,"column":6},"end":{"line":64,"column":38}},"18":{"start":{"line":66,"column":6},"end":{"line":66,"column":16}},"19":{"start":{"line":71,"column":0},"end":{"line":71,"column":40}}},"fnMap":{"0":{"name":"(anonymous_0)","decl":{"start":{"line":4,"column":2},"end":{"line":4,"column":3}},"loc":{"start":{"line":4,"column":43},"end":{"line":23,"column":3}},"line":4},"1":{"name":"(anonymous_1)","decl":{"start":{"line":26,"column":2},"end":{"line":26,"column":3}},"loc":{"start":{"line":26,"column":56},"end":{"line":53,"column":3}},"line":26},"2":{"name":"(anonymous_2)","decl":{"start":{"line":55,"column":2},"end":{"line":55,"column":3}},"loc":{"start":{"line":55,"column":51},"end":{"line":68,"column":3}},"line":55}},"branchMap":{"0":{"loc":{"start":{"line":8,"column":6},"end":{"line":9,"column":46}},"type":"if","locations":[{"start":{"line":8,"column":6},"end":{"line":9,"column":46}},{"start":{},"end":{}}],"line":8},"1":{"loc":{"start":{"line":8,"column":10},"end":{"line":8,"column":46}},"type":"binary-expr","locations":[{"start":{"line":8,"column":10},"end":{"line":8,"column":20}},{"start":{"line":8,"column":24},"end":{"line":8,"column":33}},{"start":{"line":8,"column":37},"end":{"line":8,"column":46}}],"line":8}},"s":{"0":1,"1":0,"2":0,"3":0,"4":0,"5":0,"6":0,"7":0,"8":0,"9":0,"10":0,"11":0,"12":0,"13":0,"14":0,"15":0,"16":0,"17":0,"18":0,"19":1},"f":{"0":0,"1":0,"2":0},"b":{"0":[0,0],"1":[0,0,0]},"_coverageSchema":"1a1c01bbd47fc00a2c39e90264f33305004495a9","hash":"19963450e5aa1c37cf9744d392b8556cefc0c3f2"}
,"C:\\Users\\Caca\\Desktop\\Bootcamp\\p3\\DinasQ-Team1-Server\\helpers\\bcrypt.js": {"path":"C:\\Users\\Caca\\Desktop\\Bootcamp\\p3\\DinasQ-Team1-Server\\helpers\\bcrypt.js","statementMap":{"0":{"start":{"line":1,"column":15},"end":{"line":1,"column":34}},"1":{"start":{"line":3,"column":21},"end":{"line":5,"column":1}},"2":{"start":{"line":4,"column":2},"end":{"line":4,"column":40}},"3":{"start":{"line":7,"column":23},"end":{"line":9,"column":1}},"4":{"start":{"line":8,"column":2},"end":{"line":8,"column":54}},"5":{"start":{"line":11,"column":0},"end":{"line":11,"column":50}}},"fnMap":{"0":{"name":"(anonymous_0)","decl":{"start":{"line":3,"column":21},"end":{"line":3,"column":22}},"loc":{"start":{"line":3,"column":40},"end":{"line":5,"column":1}},"line":3},"1":{"name":"(anonymous_1)","decl":{"start":{"line":7,"column":23},"end":{"line":7,"column":24}},"loc":{"start":{"line":7,"column":53},"end":{"line":9,"column":1}},"line":7}},"branchMap":{},"s":{"0":1,"1":1,"2":0,"3":1,"4":0,"5":1},"f":{"0":0,"1":0},"b":{},"_coverageSchema":"1a1c01bbd47fc00a2c39e90264f33305004495a9","hash":"62e3349e5921c98e46070de8b8e5009b84db70c8"}
,"C:\\Users\\Caca\\Desktop\\Bootcamp\\p3\\DinasQ-Team1-Server\\helpers\\jwt.js": {"path":"C:\\Users\\Caca\\Desktop\\Bootcamp\\p3\\DinasQ-Team1-Server\\helpers\\jwt.js","statementMap":{"0":{"start":{"line":1,"column":12},"end":{"line":1,"column":35}},"1":{"start":{"line":3,"column":20},"end":{"line":5,"column":1}},"2":{"start":{"line":4,"column":2},"end":{"line":4,"column":51}},"3":{"start":{"line":7,"column":20},"end":{"line":9,"column":1}},"4":{"start":{"line":8,"column":2},"end":{"line":8,"column":51}},"5":{"start":{"line":11,"column":0},"end":{"line":11,"column":46}}},"fnMap":{"0":{"name":"(anonymous_0)","decl":{"start":{"line":3,"column":20},"end":{"line":3,"column":21}},"loc":{"start":{"line":3,"column":33},"end":{"line":5,"column":1}},"line":3},"1":{"name":"(anonymous_1)","decl":{"start":{"line":7,"column":20},"end":{"line":7,"column":21}},"loc":{"start":{"line":7,"column":31},"end":{"line":9,"column":1}},"line":7}},"branchMap":{},"s":{"0":1,"1":1,"2":0,"3":1,"4":0,"5":1},"f":{"0":0,"1":0},"b":{},"_coverageSchema":"1a1c01bbd47fc00a2c39e90264f33305004495a9","hash":"a4fda1b6e849b403f7fc94f1ae29c61796697552"}
,"C:\\Users\\Caca\\Desktop\\Bootcamp\\p3\\DinasQ-Team1-Server\\middlewares\\DeleteAuthorization.js": {"path":"C:\\Users\\Caca\\Desktop\\Bootcamp\\p3\\DinasQ-Team1-Server\\middlewares\\DeleteAuthorization.js","statementMap":{"0":{"start":{"line":1,"column":17},"end":{"line":1,"column":37}},"1":{"start":{"line":3,"column":22},"end":{"line":13,"column":1}},"2":{"start":{"line":4,"column":2},"end":{"line":12,"column":3}},"3":{"start":{"line":5,"column":19},"end":{"line":5,"column":29}},"4":{"start":{"line":6,"column":17},"end":{"line":6,"column":40}},"5":{"start":{"line":7,"column":4},"end":{"line":7,"column":53}},"6":{"start":{"line":7,"column":15},"end":{"line":7,"column":53}},"7":{"start":{"line":8,"column":4},"end":{"line":8,"column":75}},"8":{"start":{"line":8,"column":40},"end":{"line":8,"column":75}},"9":{"start":{"line":9,"column":4},"end":{"line":9,"column":11}},"10":{"start":{"line":11,"column":4},"end":{"line":11,"column":14}},"11":{"start":{"line":15,"column":0},"end":{"line":15,"column":31}}},"fnMap":{"0":{"name":"(anonymous_0)","decl":{"start":{"line":3,"column":22},"end":{"line":3,"column":23}},"loc":{"start":{"line":3,"column":48},"end":{"line":13,"column":1}},"line":3}},"branchMap":{"0":{"loc":{"start":{"line":7,"column":4},"end":{"line":7,"column":53}},"type":"if","locations":[{"start":{"line":7,"column":4},"end":{"line":7,"column":53}},{"start":{},"end":{}}],"line":7},"1":{"loc":{"start":{"line":8,"column":4},"end":{"line":8,"column":75}},"type":"if","locations":[{"start":{"line":8,"column":4},"end":{"line":8,"column":75}},{"start":{},"end":{}}],"line":8}},"s":{"0":1,"1":1,"2":0,"3":0,"4":0,"5":0,"6":0,"7":0,"8":0,"9":0,"10":0,"11":1},"f":{"0":0},"b":{"0":[0,0],"1":[0,0]},"_coverageSchema":"1a1c01bbd47fc00a2c39e90264f33305004495a9","hash":"585bd9804f9162e63e527430fcf5d52c873d6b8c"}
,"C:\\Users\\Caca\\Desktop\\Bootcamp\\p3\\DinasQ-Team1-Server\\middlewares\\ErrorHandler.js": {"path":"C:\\Users\\Caca\\Desktop\\Bootcamp\\p3\\DinasQ-Team1-Server\\middlewares\\ErrorHandler.js","statementMap":{"0":{"start":{"line":1,"column":21},"end":{"line":43,"column":1}},"1":{"start":{"line":3,"column":2},"end":{"line":42,"column":3}},"2":{"start":{"line":5,"column":6},"end":{"line":5,"column":63}},"3":{"start":{"line":6,"column":6},"end":{"line":6,"column":12}},"4":{"start":{"line":8,"column":6},"end":{"line":10,"column":9}},"5":{"start":{"line":11,"column":6},"end":{"line":11,"column":12}},"6":{"start":{"line":13,"column":6},"end":{"line":13,"column":57}},"7":{"start":{"line":14,"column":6},"end":{"line":14,"column":12}},"8":{"start":{"line":16,"column":6},"end":{"line":16,"column":58}},"9":{"start":{"line":17,"column":6},"end":{"line":17,"column":12}},"10":{"start":{"line":19,"column":6},"end":{"line":19,"column":75}},"11":{"start":{"line":20,"column":6},"end":{"line":20,"column":12}},"12":{"start":{"line":22,"column":6},"end":{"line":22,"column":62}},"13":{"start":{"line":23,"column":6},"end":{"line":23,"column":12}},"14":{"start":{"line":25,"column":6},"end":{"line":25,"column":67}},"15":{"start":{"line":26,"column":6},"end":{"line":26,"column":12}},"16":{"start":{"line":28,"column":6},"end":{"line":28,"column":69}},"17":{"start":{"line":29,"column":6},"end":{"line":29,"column":12}},"18":{"start":{"line":31,"column":6},"end":{"line":31,"column":68}},"19":{"start":{"line":32,"column":6},"end":{"line":32,"column":12}},"20":{"start":{"line":34,"column":6},"end":{"line":34,"column":70}},"21":{"start":{"line":35,"column":6},"end":{"line":35,"column":12}},"22":{"start":{"line":37,"column":6},"end":{"line":37,"column":65}},"23":{"start":{"line":38,"column":6},"end":{"line":38,"column":12}},"24":{"start":{"line":40,"column":6},"end":{"line":40,"column":65}},"25":{"start":{"line":41,"column":6},"end":{"line":41,"column":12}},"26":{"start":{"line":45,"column":0},"end":{"line":45,"column":30}}},"fnMap":{"0":{"name":"(anonymous_0)","decl":{"start":{"line":1,"column":21},"end":{"line":1,"column":22}},"loc":{"start":{"line":1,"column":46},"end":{"line":43,"column":1}},"line":1}},"branchMap":{"0":{"loc":{"start":{"line":3,"column":2},"end":{"line":42,"column":3}},"type":"switch","locations":[{"start":{"line":4,"column":4},"end":{"line":6,"column":12}},{"start":{"line":7,"column":4},"end":{"line":11,"column":12}},{"start":{"line":12,"column":4},"end":{"line":14,"column":12}},{"start":{"line":15,"column":4},"end":{"line":17,"column":12}},{"start":{"line":18,"column":4},"end":{"line":20,"column":12}},{"start":{"line":21,"column":4},"end":{"line":23,"column":12}},{"start":{"line":24,"column":4},"end":{"line":26,"column":12}},{"start":{"line":27,"column":4},"end":{"line":29,"column":12}},{"start":{"line":30,"column":4},"end":{"line":32,"column":12}},{"start":{"line":33,"column":4},"end":{"line":35,"column":12}},{"start":{"line":36,"column":4},"end":{"line":38,"column":12}},{"start":{"line":39,"column":4},"end":{"line":41,"column":12}}],"line":3}},"s":{"0":1,"1":0,"2":0,"3":0,"4":0,"5":0,"6":0,"7":0,"8":0,"9":0,"10":0,"11":0,"12":0,"13":0,"14":0,"15":0,"16":0,"17":0,"18":0,"19":0,"20":0,"21":0,"22":0,"23":0,"24":0,"25":0,"26":1},"f":{"0":0},"b":{"0":[0,0,0,0,0,0,0,0,0,0,0,0]},"_coverageSchema":"1a1c01bbd47fc00a2c39e90264f33305004495a9","hash":"c2c8fcaaedf749edc47314d00d65626587919c3a"}
,"C:\\Users\\Caca\\Desktop\\Bootcamp\\p3\\DinasQ-Team1-Server\\middlewares\\UpdateUserAuthorization.js": {"path":"C:\\Users\\Caca\\Desktop\\Bootcamp\\p3\\DinasQ-Team1-Server\\middlewares\\UpdateUserAuthorization.js","statementMap":{"0":{"start":{"line":1,"column":17},"end":{"line":1,"column":37}},"1":{"start":{"line":3,"column":22},"end":{"line":15,"column":1}},"2":{"start":{"line":4,"column":2},"end":{"line":14,"column":3}},"3":{"start":{"line":5,"column":19},"end":{"line":5,"column":29}},"4":{"start":{"line":6,"column":17},"end":{"line":6,"column":40}},"5":{"start":{"line":7,"column":4},"end":{"line":7,"column":53}},"6":{"start":{"line":7,"column":15},"end":{"line":7,"column":53}},"7":{"start":{"line":8,"column":4},"end":{"line":10,"column":5}},"8":{"start":{"line":9,"column":6},"end":{"line":9,"column":41}},"9":{"start":{"line":11,"column":4},"end":{"line":11,"column":11}},"10":{"start":{"line":13,"column":4},"end":{"line":13,"column":14}},"11":{"start":{"line":17,"column":0},"end":{"line":17,"column":31}}},"fnMap":{"0":{"name":"(anonymous_0)","decl":{"start":{"line":3,"column":22},"end":{"line":3,"column":23}},"loc":{"start":{"line":3,"column":48},"end":{"line":15,"column":1}},"line":3}},"branchMap":{"0":{"loc":{"start":{"line":7,"column":4},"end":{"line":7,"column":53}},"type":"if","locations":[{"start":{"line":7,"column":4},"end":{"line":7,"column":53}},{"start":{},"end":{}}],"line":7},"1":{"loc":{"start":{"line":8,"column":4},"end":{"line":10,"column":5}},"type":"if","locations":[{"start":{"line":8,"column":4},"end":{"line":10,"column":5}},{"start":{},"end":{}}],"line":8},"2":{"loc":{"start":{"line":8,"column":8},"end":{"line":8,"column":66}},"type":"binary-expr","locations":[{"start":{"line":8,"column":8},"end":{"line":8,"column":38}},{"start":{"line":8,"column":42},"end":{"line":8,"column":66}}],"line":8}},"s":{"0":1,"1":1,"2":0,"3":0,"4":0,"5":0,"6":0,"7":0,"8":0,"9":0,"10":0,"11":1},"f":{"0":0},"b":{"0":[0,0],"1":[0,0],"2":[0,0]},"_coverageSchema":"1a1c01bbd47fc00a2c39e90264f33305004495a9","hash":"c6e8a841c975aa2a5e56c8608967e9388f7b9b10"}
,"C:\\Users\\Caca\\Desktop\\Bootcamp\\p3\\DinasQ-Team1-Server\\middlewares\\authentication.js": {"path":"C:\\Users\\Caca\\Desktop\\Bootcamp\\p3\\DinasQ-Team1-Server\\middlewares\\authentication.js","statementMap":{"0":{"start":{"line":1,"column":24},"end":{"line":1,"column":49}},"1":{"start":{"line":2,"column":17},"end":{"line":2,"column":37}},"2":{"start":{"line":4,"column":23},"end":{"line":23,"column":1}},"3":{"start":{"line":5,"column":2},"end":{"line":22,"column":3}},"4":{"start":{"line":6,"column":29},"end":{"line":6,"column":40}},"5":{"start":{"line":7,"column":20},"end":{"line":7,"column":45}},"6":{"start":{"line":8,"column":17},"end":{"line":10,"column":6}},"7":{"start":{"line":11,"column":4},"end":{"line":11,"column":53}},"8":{"start":{"line":11,"column":15},"end":{"line":11,"column":53}},"9":{"start":{"line":12,"column":4},"end":{"line":18,"column":6}},"10":{"start":{"line":19,"column":4},"end":{"line":19,"column":11}},"11":{"start":{"line":21,"column":4},"end":{"line":21,"column":14}},"12":{"start":{"line":25,"column":0},"end":{"line":25,"column":32}}},"fnMap":{"0":{"name":"(anonymous_0)","decl":{"start":{"line":4,"column":23},"end":{"line":4,"column":24}},"loc":{"start":{"line":4,"column":49},"end":{"line":23,"column":1}},"line":4}},"branchMap":{"0":{"loc":{"start":{"line":11,"column":4},"end":{"line":11,"column":53}},"type":"if","locations":[{"start":{"line":11,"column":4},"end":{"line":11,"column":53}},{"start":{},"end":{}}],"line":11}},"s":{"0":1,"1":1,"2":1,"3":0,"4":0,"5":0,"6":0,"7":0,"8":0,"9":0,"10":0,"11":0,"12":1},"f":{"0":0},"b":{"0":[0,0]},"_coverageSchema":"1a1c01bbd47fc00a2c39e90264f33305004495a9","hash":"d7d2178f5ec9eaf7af07f128cf1d748f1c072d6e"}
,"C:\\Users\\Caca\\Desktop\\Bootcamp\\p3\\DinasQ-Team1-Server\\models\\index.js": {"path":"C:\\Users\\Caca\\Desktop\\Bootcamp\\p3\\DinasQ-Team1-Server\\models\\index.js","statementMap":{"0":{"start":{"line":3,"column":11},"end":{"line":3,"column":24}},"1":{"start":{"line":4,"column":13},"end":{"line":4,"column":28}},"2":{"start":{"line":5,"column":18},"end":{"line":5,"column":38}},"3":{"start":{"line":6,"column":17},"end":{"line":6,"column":42}},"4":{"start":{"line":7,"column":12},"end":{"line":7,"column":49}},"5":{"start":{"line":8,"column":15},"end":{"line":8,"column":65}},"6":{"start":{"line":9,"column":11},"end":{"line":9,"column":13}},"7":{"start":{"line":12,"column":0},"end":{"line":16,"column":1}},"8":{"start":{"line":13,"column":2},"end":{"line":13,"column":74}},"9":{"start":{"line":15,"column":2},"end":{"line":15,"column":87}},"10":{"start":{"line":18,"column":0},"end":{"line":26,"column":5}},"11":{"start":{"line":21,"column":4},"end":{"line":21,"column":90}},"12":{"start":{"line":24,"column":18},"end":{"line":24,"column":85}},"13":{"start":{"line":25,"column":4},"end":{"line":25,"column":27}},"14":{"start":{"line":28,"column":0},"end":{"line":32,"column":3}},"15":{"start":{"line":29,"column":2},"end":{"line":31,"column":3}},"16":{"start":{"line":30,"column":4},"end":{"line":30,"column":32}},"17":{"start":{"line":34,"column":0},"end":{"line":34,"column":25}},"18":{"start":{"line":35,"column":0},"end":{"line":35,"column":25}},"19":{"start":{"line":37,"column":0},"end":{"line":37,"column":20}}},"fnMap":{"0":{"name":"(anonymous_0)","decl":{"start":{"line":20,"column":10},"end":{"line":20,"column":11}},"loc":{"start":{"line":20,"column":18},"end":{"line":22,"column":3}},"line":20},"1":{"name":"(anonymous_1)","decl":{"start":{"line":23,"column":11},"end":{"line":23,"column":12}},"loc":{"start":{"line":23,"column":19},"end":{"line":26,"column":3}},"line":23},"2":{"name":"(anonymous_2)","decl":{"start":{"line":28,"column":24},"end":{"line":28,"column":25}},"loc":{"start":{"line":28,"column":37},"end":{"line":32,"column":1}},"line":28}},"branchMap":{"0":{"loc":{"start":{"line":7,"column":12},"end":{"line":7,"column":49}},"type":"binary-expr","locations":[{"start":{"line":7,"column":12},"end":{"line":7,"column":32}},{"start":{"line":7,"column":36},"end":{"line":7,"column":49}}],"line":7},"1":{"loc":{"start":{"line":12,"column":0},"end":{"line":16,"column":1}},"type":"if","locations":[{"start":{"line":12,"column":0},"end":{"line":16,"column":1}},{"start":{"line":14,"column":7},"end":{"line":16,"column":1}}],"line":12},"2":{"loc":{"start":{"line":21,"column":11},"end":{"line":21,"column":89}},"type":"binary-expr","locations":[{"start":{"line":21,"column":12},"end":{"line":21,"column":35}},{"start":{"line":21,"column":41},"end":{"line":21,"column":58}},{"start":{"line":21,"column":64},"end":{"line":21,"column":88}}],"line":21},"3":{"loc":{"start":{"line":29,"column":2},"end":{"line":31,"column":3}},"type":"if","locations":[{"start":{"line":29,"column":2},"end":{"line":31,"column":3}},{"start":{},"end":{}}],"line":29}},"s":{"0":1,"1":1,"2":1,"3":1,"4":1,"5":1,"6":1,"7":1,"8":0,"9":1,"10":1,"11":5,"12":4,"13":4,"14":1,"15":4,"16":4,"17":1,"18":1,"19":1},"f":{"0":5,"1":4,"2":4},"b":{"0":[1,0],"1":[0,1],"2":[5,5,4],"3":[4,0]},"_coverageSchema":"1a1c01bbd47fc00a2c39e90264f33305004495a9","hash":"4cd6de5f7c296ed53d35d29a9357c19f8ab7b783"}
,"C:\\Users\\Caca\\Desktop\\Bootcamp\\p3\\DinasQ-Team1-Server\\models\\officialletter.js": {"path":"C:\\Users\\Caca\\Desktop\\Bootcamp\\p3\\DinasQ-Team1-Server\\models\\officialletter.js","statementMap":{"0":{"start":{"line":2,"column":18},"end":{"line":2,"column":38}},"1":{"start":{"line":3,"column":0},"end":{"line":79,"column":2}},"2":{"start":{"line":12,"column":6},"end":{"line":14,"column":9}},"3":{"start":{"line":15,"column":6},"end":{"line":17,"column":9}},"4":{"start":{"line":20,"column":2},"end":{"line":77,"column":4}},"5":{"start":{"line":78,"column":2},"end":{"line":78,"column":24}}},"fnMap":{"0":{"name":"(anonymous_0)","decl":{"start":{"line":3,"column":17},"end":{"line":3,"column":18}},"loc":{"start":{"line":3,"column":43},"end":{"line":79,"column":1}},"line":3},"1":{"name":"(anonymous_1)","decl":{"start":{"line":10,"column":4},"end":{"line":10,"column":5}},"loc":{"start":{"line":10,"column":29},"end":{"line":18,"column":5}},"line":10}},"branchMap":{},"s":{"0":1,"1":1,"2":1,"3":1,"4":1,"5":1},"f":{"0":1,"1":1},"b":{},"_coverageSchema":"1a1c01bbd47fc00a2c39e90264f33305004495a9","hash":"7f1d67142b193842e88b9b2700579ebdf06dd0f8"}
,"C:\\Users\\Caca\\Desktop\\Bootcamp\\p3\\DinasQ-Team1-Server\\models\\reimbursement.js": {"path":"C:\\Users\\Caca\\Desktop\\Bootcamp\\p3\\DinasQ-Team1-Server\\models\\reimbursement.js","statementMap":{"0":{"start":{"line":2,"column":18},"end":{"line":2,"column":38}},"1":{"start":{"line":3,"column":0},"end":{"line":76,"column":2}},"2":{"start":{"line":12,"column":6},"end":{"line":14,"column":9}},"3":{"start":{"line":17,"column":2},"end":{"line":74,"column":4}},"4":{"start":{"line":75,"column":2},"end":{"line":75,"column":23}}},"fnMap":{"0":{"name":"(anonymous_0)","decl":{"start":{"line":3,"column":17},"end":{"line":3,"column":18}},"loc":{"start":{"line":3,"column":43},"end":{"line":76,"column":1}},"line":3},"1":{"name":"(anonymous_1)","decl":{"start":{"line":10,"column":4},"end":{"line":10,"column":5}},"loc":{"start":{"line":10,"column":29},"end":{"line":15,"column":5}},"line":10}},"branchMap":{},"s":{"0":1,"1":1,"2":1,"3":1,"4":1},"f":{"0":1,"1":1},"b":{},"_coverageSchema":"1a1c01bbd47fc00a2c39e90264f33305004495a9","hash":"3569b3810f03043a9ee2fa0c2dd3c837a9bad461"}
,"C:\\Users\\Caca\\Desktop\\Bootcamp\\p3\\DinasQ-Team1-Server\\models\\user.js": {"path":"C:\\Users\\Caca\\Desktop\\Bootcamp\\p3\\DinasQ-Team1-Server\\models\\user.js","statementMap":{"0":{"start":{"line":2,"column":18},"end":{"line":2,"column":38}},"1":{"start":{"line":3,"column":25},"end":{"line":3,"column":53}},"2":{"start":{"line":4,"column":0},"end":{"line":107,"column":2}},"3":{"start":{"line":13,"column":6},"end":{"line":15,"column":9}},"4":{"start":{"line":16,"column":6},"end":{"line":18,"column":9}},"5":{"start":{"line":21,"column":2},"end":{"line":99,"column":4}},"6":{"start":{"line":100,"column":2},"end":{"line":102,"column":5}},"7":{"start":{"line":101,"column":4},"end":{"line":101,"column":60}},"8":{"start":{"line":103,"column":2},"end":{"line":105,"column":5}},"9":{"start":{"line":104,"column":4},"end":{"line":104,"column":60}},"10":{"start":{"line":106,"column":2},"end":{"line":106,"column":14}}},"fnMap":{"0":{"name":"(anonymous_0)","decl":{"start":{"line":4,"column":17},"end":{"line":4,"column":18}},"loc":{"start":{"line":4,"column":43},"end":{"line":107,"column":1}},"line":4},"1":{"name":"(anonymous_1)","decl":{"start":{"line":11,"column":4},"end":{"line":11,"column":5}},"loc":{"start":{"line":11,"column":29},"end":{"line":19,"column":5}},"line":11},"2":{"name":"(anonymous_2)","decl":{"start":{"line":100,"column":20},"end":{"line":100,"column":21}},"loc":{"start":{"line":100,"column":43},"end":{"line":102,"column":3}},"line":100},"3":{"name":"(anonymous_3)","decl":{"start":{"line":103,"column":20},"end":{"line":103,"column":21}},"loc":{"start":{"line":103,"column":43},"end":{"line":105,"column":3}},"line":103}},"branchMap":{},"s":{"0":1,"1":1,"2":1,"3":1,"4":1,"5":1,"6":1,"7":0,"8":1,"9":0,"10":1},"f":{"0":1,"1":1,"2":0,"3":0},"b":{},"_coverageSchema":"1a1c01bbd47fc00a2c39e90264f33305004495a9","hash":"8c4915215caad6768a232f655e65cc26e1d45b93"}
,"C:\\Users\\Caca\\Desktop\\Bootcamp\\p3\\DinasQ-Team1-Server\\models\\userlocation.js": {"path":"C:\\Users\\Caca\\Desktop\\Bootcamp\\p3\\DinasQ-Team1-Server\\models\\userlocation.js","statementMap":{"0":{"start":{"line":2,"column":18},"end":{"line":2,"column":38}},"1":{"start":{"line":3,"column":0},"end":{"line":30,"column":2}},"2":{"start":{"line":12,"column":6},"end":{"line":14,"column":9}},"3":{"start":{"line":17,"column":2},"end":{"line":28,"column":4}},"4":{"start":{"line":29,"column":2},"end":{"line":29,"column":22}}},"fnMap":{"0":{"name":"(anonymous_0)","decl":{"start":{"line":3,"column":17},"end":{"line":3,"column":18}},"loc":{"start":{"line":3,"column":43},"end":{"line":30,"column":1}},"line":3},"1":{"name":"(anonymous_1)","decl":{"start":{"line":10,"column":4},"end":{"line":10,"column":5}},"loc":{"start":{"line":10,"column":29},"end":{"line":15,"column":5}},"line":10}},"branchMap":{},"s":{"0":1,"1":1,"2":1,"3":1,"4":1},"f":{"0":1,"1":1},"b":{},"_coverageSchema":"1a1c01bbd47fc00a2c39e90264f33305004495a9","hash":"cdaffd0cd4919bd3794b71b5388b2e6a16af856b"}
,"C:\\Users\\Caca\\Desktop\\Bootcamp\\p3\\DinasQ-Team1-Server\\routes\\LetterRoute.js": {"path":"C:\\Users\\Caca\\Desktop\\Bootcamp\\p3\\DinasQ-Team1-Server\\routes\\LetterRoute.js","statementMap":{"0":{"start":{"line":1,"column":15},"end":{"line":1,"column":42}},"1":{"start":{"line":2,"column":33},"end":{"line":2,"column":83}},"2":{"start":{"line":4,"column":0},"end":{"line":4,"column":78}},"3":{"start":{"line":6,"column":0},"end":{"line":9,"column":2}},"4":{"start":{"line":11,"column":0},"end":{"line":14,"column":2}},"5":{"start":{"line":16,"column":0},"end":{"line":16,"column":79}},"6":{"start":{"line":18,"column":0},"end":{"line":21,"column":2}},"7":{"start":{"line":24,"column":0},"end":{"line":24,"column":24}}},"fnMap":{},"branchMap":{},"s":{"0":1,"1":1,"2":1,"3":1,"4":1,"5":1,"6":1,"7":1},"f":{},"b":{},"_coverageSchema":"1a1c01bbd47fc00a2c39e90264f33305004495a9","hash":"6d154f612209673dd0c381caf2a44a9513d0a22a"}
,"C:\\Users\\Caca\\Desktop\\Bootcamp\\p3\\DinasQ-Team1-Server\\routes\\ReimbursementRoute.js": {"path":"C:\\Users\\Caca\\Desktop\\Bootcamp\\p3\\DinasQ-Team1-Server\\routes\\ReimbursementRoute.js","statementMap":{"0":{"start":{"line":1,"column":15},"end":{"line":1,"column":42}},"1":{"start":{"line":2,"column":32},"end":{"line":2,"column":81}},"2":{"start":{"line":4,"column":0},"end":{"line":4,"column":73}},"3":{"start":{"line":7,"column":0},"end":{"line":7,"column":70}},"4":{"start":{"line":9,"column":0},"end":{"line":9,"column":80}},"5":{"start":{"line":12,"column":0},"end":{"line":15,"column":2}},"6":{"start":{"line":18,"column":0},"end":{"line":18,"column":76}},"7":{"start":{"line":21,"column":0},"end":{"line":24,"column":2}},"8":{"start":{"line":27,"column":0},"end":{"line":27,"column":24}}},"fnMap":{},"branchMap":{},"s":{"0":1,"1":1,"2":1,"3":1,"4":1,"5":1,"6":1,"7":1,"8":1},"f":{},"b":{},"_coverageSchema":"1a1c01bbd47fc00a2c39e90264f33305004495a9","hash":"e7c2bdc1a0fad7650961e034d3fc594ea5cc4894"}
,"C:\\Users\\Caca\\Desktop\\Bootcamp\\p3\\DinasQ-Team1-Server\\routes\\UserLocationRoute.js": {"path":"C:\\Users\\Caca\\Desktop\\Bootcamp\\p3\\DinasQ-Team1-Server\\routes\\UserLocationRoute.js","statementMap":{"0":{"start":{"line":1,"column":15},"end":{"line":1,"column":42}},"1":{"start":{"line":2,"column":31},"end":{"line":2,"column":79}},"2":{"start":{"line":4,"column":0},"end":{"line":4,"column":62}},"3":{"start":{"line":6,"column":0},"end":{"line":9,"column":2}},"4":{"start":{"line":11,"column":0},"end":{"line":11,"column":69}},"5":{"start":{"line":13,"column":0},"end":{"line":13,"column":24}}},"fnMap":{},"branchMap":{},"s":{"0":1,"1":1,"2":1,"3":1,"4":1,"5":1},"f":{},"b":{},"_coverageSchema":"1a1c01bbd47fc00a2c39e90264f33305004495a9","hash":"b33fbeae7a062b02d2c4baab60447f2766585d47"}
,"C:\\Users\\Caca\\Desktop\\Bootcamp\\p3\\DinasQ-Team1-Server\\routes\\UserRoute.js": {"path":"C:\\Users\\Caca\\Desktop\\Bootcamp\\p3\\DinasQ-Team1-Server\\routes\\UserRoute.js","statementMap":{"0":{"start":{"line":1,"column":15},"end":{"line":1,"column":42}},"1":{"start":{"line":2,"column":23},"end":{"line":2,"column":63}},"2":{"start":{"line":3,"column":28},"end":{"line":3,"column":77}},"3":{"start":{"line":4,"column":28},"end":{"line":4,"column":73}},"4":{"start":{"line":6,"column":0},"end":{"line":6,"column":63}},"5":{"start":{"line":8,"column":0},"end":{"line":8,"column":46}},"6":{"start":{"line":10,"column":0},"end":{"line":10,"column":53}},"7":{"start":{"line":12,"column":0},"end":{"line":12,"column":65}},"8":{"start":{"line":14,"column":0},"end":{"line":14,"column":73}},"9":{"start":{"line":16,"column":0},"end":{"line":16,"column":76}},"10":{"start":{"line":18,"column":0},"end":{"line":18,"column":62}},"11":{"start":{"line":20,"column":0},"end":{"line":20,"column":24}}},"fnMap":{},"branchMap":{},"s":{"0":1,"1":1,"2":1,"3":1,"4":1,"5":1,"6":1,"7":1,"8":1,"9":1,"10":1,"11":1},"f":{},"b":{},"_coverageSchema":"1a1c01bbd47fc00a2c39e90264f33305004495a9","hash":"d72ca023257f4a57062c1d30ef72f1bbca442846"}
,"C:\\Users\\Caca\\Desktop\\Bootcamp\\p3\\DinasQ-Team1-Server\\routes\\index.js": {"path":"C:\\Users\\Caca\\Desktop\\Bootcamp\\p3\\DinasQ-Team1-Server\\routes\\index.js","statementMap":{"0":{"start":{"line":1,"column":15},"end":{"line":1,"column":42}},"1":{"start":{"line":2,"column":23},"end":{"line":2,"column":63}},"2":{"start":{"line":3,"column":23},"end":{"line":3,"column":63}},"3":{"start":{"line":4,"column":19},"end":{"line":4,"column":41}},"4":{"start":{"line":5,"column":21},"end":{"line":5,"column":45}},"5":{"start":{"line":6,"column":28},"end":{"line":6,"column":59}},"6":{"start":{"line":7,"column":31},"end":{"line":7,"column":61}},"7":{"start":{"line":9,"column":0},"end":{"line":9,"column":54}},"8":{"start":{"line":11,"column":0},"end":{"line":11,"column":49}},"9":{"start":{"line":13,"column":0},"end":{"line":13,"column":55}},"10":{"start":{"line":16,"column":0},"end":{"line":16,"column":27}},"11":{"start":{"line":17,"column":0},"end":{"line":17,"column":35}},"12":{"start":{"line":18,"column":0},"end":{"line":18,"column":23}},"13":{"start":{"line":19,"column":0},"end":{"line":19,"column":25}},"14":{"start":{"line":20,"column":0},"end":{"line":20,"column":32}},"15":{"start":{"line":22,"column":0},"end":{"line":22,"column":24}}},"fnMap":{},"branchMap":{},"s":{"0":1,"1":1,"2":1,"3":1,"4":1,"5":1,"6":1,"7":1,"8":1,"9":1,"10":1,"11":1,"12":1,"13":1,"14":1,"15":1},"f":{},"b":{},"_coverageSchema":"1a1c01bbd47fc00a2c39e90264f33305004495a9","hash":"202c0343eaaee8d03526ecd2ddd48e48407b5815"}
,"C:\\Users\\Caca\\Desktop\\Bootcamp\\p3\\DinasQ-Team1-Server\\services\\location.js": {"path":"C:\\Users\\Caca\\Desktop\\Bootcamp\\p3\\DinasQ-Team1-Server\\services\\location.js","statementMap":{"0":{"start":{"line":1,"column":14},"end":{"line":1,"column":30}},"1":{"start":{"line":2,"column":23},"end":{"line":2,"column":49}},"2":{"start":{"line":3,"column":20},"end":{"line":21,"column":1}},"3":{"start":{"line":4,"column":2},"end":{"line":20,"column":3}},"4":{"start":{"line":5,"column":25},"end":{"line":5,"column":32}},"5":{"start":{"line":7,"column":15},"end":{"line":9,"column":5}},"6":{"start":{"line":11,"column":19},"end":{"line":15,"column":6}},"7":{"start":{"line":14,"column":6},"end":{"line":14,"column":77}},"8":{"start":{"line":17,"column":4},"end":{"line":17,"column":33}},"9":{"start":{"line":19,"column":4},"end":{"line":19,"column":23}},"10":{"start":{"line":23,"column":19},"end":{"line":34,"column":1}},"11":{"start":{"line":24,"column":2},"end":{"line":33,"column":3}},"12":{"start":{"line":25,"column":19},"end":{"line":27,"column":5}},"13":{"start":{"line":28,"column":4},"end":{"line":28,"column":38}},"14":{"start":{"line":30,"column":4},"end":{"line":30,"column":20}},"15":{"start":{"line":32,"column":4},"end":{"line":32,"column":23}},"16":{"start":{"line":36,"column":0},"end":{"line":36,"column":45}}},"fnMap":{"0":{"name":"(anonymous_0)","decl":{"start":{"line":3,"column":20},"end":{"line":3,"column":21}},"loc":{"start":{"line":3,"column":39},"end":{"line":21,"column":1}},"line":3},"1":{"name":"(anonymous_1)","decl":{"start":{"line":11,"column":66},"end":{"line":11,"column":67}},"loc":{"start":{"line":13,"column":6},"end":{"line":15,"column":5}},"line":13},"2":{"name":"(anonymous_2)","decl":{"start":{"line":23,"column":19},"end":{"line":23,"column":20}},"loc":{"start":{"line":23,"column":31},"end":{"line":34,"column":1}},"line":23}},"branchMap":{},"s":{"0":1,"1":1,"2":1,"3":0,"4":0,"5":0,"6":0,"7":0,"8":0,"9":0,"10":1,"11":0,"12":0,"13":0,"14":0,"15":0,"16":1},"f":{"0":0,"1":0,"2":0},"b":{},"_coverageSchema":"1a1c01bbd47fc00a2c39e90264f33305004495a9","hash":"ad2322fce5b07839c04fd7bc51c31eac0d9d9d61"}
,"C:\\Users\\Caca\\Desktop\\Bootcamp\\p3\\DinasQ-Team1-Server\\services\\toPdf.js": {"path":"C:\\Users\\Caca\\Desktop\\Bootcamp\\p3\\DinasQ-Team1-Server\\services\\toPdf.js","statementMap":{"0":{"start":{"line":1,"column":18},"end":{"line":1,"column":34}},"1":{"start":{"line":3,"column":20},"end":{"line":34,"column":1}},"2":{"start":{"line":4,"column":16},"end":{"line":4,"column":27}},"3":{"start":{"line":5,"column":4},"end":{"line":5,"column":45}},"4":{"start":{"line":6,"column":4},"end":{"line":6,"column":30}},"5":{"start":{"line":7,"column":4},"end":{"line":7,"column":30}},"6":{"start":{"line":9,"column":4},"end":{"line":9,"column":24}},"7":{"start":{"line":10,"column":4},"end":{"line":10,"column":39}},"8":{"start":{"line":11,"column":4},"end":{"line":11,"column":103}},"9":{"start":{"line":12,"column":4},"end":{"line":12,"column":34}},"10":{"start":{"line":13,"column":4},"end":{"line":13,"column":63}},"11":{"start":{"line":14,"column":4},"end":{"line":14,"column":34}},"12":{"start":{"line":15,"column":4},"end":{"line":15,"column":44}},"13":{"start":{"line":16,"column":4},"end":{"line":16,"column":30}},"14":{"start":{"line":17,"column":4},"end":{"line":17,"column":55}},"15":{"start":{"line":18,"column":4},"end":{"line":18,"column":28}},"16":{"start":{"line":19,"column":4},"end":{"line":19,"column":52}},"17":{"start":{"line":20,"column":4},"end":{"line":20,"column":37}},"18":{"start":{"line":21,"column":4},"end":{"line":21,"column":60}},"19":{"start":{"line":22,"column":4},"end":{"line":22,"column":37}},"20":{"start":{"line":23,"column":4},"end":{"line":23,"column":60}},"21":{"start":{"line":25,"column":4},"end":{"line":25,"column":32}},"22":{"start":{"line":27,"column":4},"end":{"line":27,"column":31}},"23":{"start":{"line":28,"column":4},"end":{"line":28,"column":112}},"24":{"start":{"line":30,"column":4},"end":{"line":30,"column":32}},"25":{"start":{"line":31,"column":4},"end":{"line":31,"column":32}},"26":{"start":{"line":33,"column":4},"end":{"line":33,"column":36}},"27":{"start":{"line":36,"column":0},"end":{"line":36,"column":30}}},"fnMap":{"0":{"name":"(anonymous_0)","decl":{"start":{"line":3,"column":20},"end":{"line":3,"column":21}},"loc":{"start":{"line":3,"column":30},"end":{"line":34,"column":1}},"line":3}},"branchMap":{},"s":{"0":1,"1":1,"2":0,"3":0,"4":0,"5":0,"6":0,"7":0,"8":0,"9":0,"10":0,"11":0,"12":0,"13":0,"14":0,"15":0,"16":0,"17":0,"18":0,"19":0,"20":0,"21":0,"22":0,"23":0,"24":0,"25":0,"26":0,"27":1},"f":{"0":0},"b":{},"_coverageSchema":"1a1c01bbd47fc00a2c39e90264f33305004495a9","hash":"491f12725b41357ad39366c49e5575c0b9f603d4"}
}
