TN:
SF:App.js
FN:19,(anonymous_0)
FN:27,(anonymous_1)
FNF:2
FNH:1
FNDA:48,(anonymous_0)
FNDA:0,(anonymous_1)
DA:1,4
DA:2,4
DA:3,4
DA:4,4
DA:5,4
DA:6,4
DA:7,4
DA:8,4
DA:9,4
DA:10,4
DA:12,4
DA:15,4
DA:16,4
DA:17,4
DA:19,4
DA:20,48
DA:21,48
DA:23,4
DA:24,4
DA:26,4
DA:27,0
DA:28,0
DA:32,4
LF:23
LH:21
BRDA:5,0,0,4
BRDA:5,0,1,4
BRDA:26,1,0,0
BRDA:26,1,1,4
BRF:4
BRH:3
end_of_record
TN:
SF:controllers\OfficialLetterController.js
FN:4,(anonymous_0)
FN:30,(anonymous_1)
FN:43,(anonymous_2)
FN:66,(anonymous_3)
FN:85,(anonymous_4)
FNF:5
FNH:5
FNDA:2,(anonymous_0)
FNDA:1,(anonymous_1)
FNDA:1,(anonymous_2)
FNDA:2,(anonymous_3)
FNDA:2,(anonymous_4)
DA:1,4
DA:5,2
DA:6,2
DA:7,2
DA:8,2
DA:9,2
DA:10,2
DA:19,1
DA:26,1
DA:31,1
DA:32,1
DA:33,1
DA:36,1
DA:37,1
DA:39,0
DA:44,1
DA:45,1
DA:46,1
DA:60,1
DA:62,0
DA:67,2
DA:68,2
DA:69,2
DA:70,2
DA:78,1
DA:79,1
DA:81,1
DA:86,2
DA:87,2
DA:88,2
DA:89,2
DA:90,2
DA:91,2
DA:92,1
DA:100,1
DA:104,0
DA:109,4
LF:37
LH:34
BRDA:8,0,0,0
BRDA:8,0,1,2
BRDA:9,1,0,0
BRDA:9,1,1,2
BRDA:36,2,0,0
BRDA:36,2,1,1
BRDA:91,3,0,1
BRDA:91,3,1,1
BRF:8
BRH:5
end_of_record
TN:
SF:controllers\ReimbursementController.js
FN:6,(anonymous_0)
FN:28,(anonymous_1)
FN:39,(anonymous_2)
FN:51,(anonymous_3)
FN:66,(anonymous_4)
FN:102,(anonymous_5)
FN:117,(anonymous_6)
FNF:7
FNH:6
FNDA:2,(anonymous_0)
FNDA:3,(anonymous_1)
FNDA:2,(anonymous_2)
FNDA:2,(anonymous_3)
FNDA:1,(anonymous_4)
FNDA:0,(anonymous_5)
FNDA:1,(anonymous_6)
DA:1,4
DA:2,4
DA:3,4
DA:7,2
DA:8,2
DA:9,2
DA:10,2
DA:11,2
DA:12,2
DA:17,1
DA:24,1
DA:29,3
DA:30,3
DA:31,3
DA:32,2
DA:33,2
DA:35,1
DA:40,2
DA:41,2
DA:42,2
DA:45,1
DA:47,1
DA:52,2
DA:53,2
DA:54,2
DA:57,1
DA:58,1
DA:62,1
DA:67,1
DA:68,1
DA:69,1
DA:70,1
DA:71,1
DA:72,1
DA:73,1
DA:74,1
DA:82,1
DA:83,1
DA:91,1
DA:102,1
DA:103,0
DA:104,0
DA:106,0
DA:109,1
DA:113,0
DA:118,1
DA:119,1
DA:120,1
DA:132,1
DA:134,1
DA:136,1
DA:138,0
DA:143,4
LF:53
LH:48
BRDA:10,0,0,0
BRDA:10,0,1,2
BRDA:11,1,0,0
BRDA:11,1,1,2
BRDA:32,2,0,0
BRDA:32,2,1,2
BRDA:73,3,0,0
BRDA:73,3,1,1
BRDA:103,4,0,0
BRDA:103,4,1,0
BRDA:132,5,0,0
BRDA:132,5,1,1
BRF:12
BRH:5
end_of_record
TN:
SF:controllers\UserController.js
FN:6,(anonymous_0)
FN:27,(anonymous_1)
FN:51,(anonymous_2)
FN:72,(anonymous_3)
FN:105,(anonymous_4)
FN:136,(anonymous_5)
FN:169,(anonymous_6)
FN:201,(anonymous_7)
FN:231,(anonymous_8)
FN:268,(anonymous_9)
FNF:10
FNH:10
FNDA:6,(anonymous_0)
FNDA:3,(anonymous_1)
FNDA:1,(anonymous_2)
FNDA:1,(anonymous_3)
FNDA:1,(anonymous_4)
FNDA:1,(anonymous_5)
FNDA:2,(anonymous_6)
FNDA:2,(anonymous_7)
FNDA:2,(anonymous_8)
FNDA:2,(anonymous_9)
DA:1,4
DA:2,4
DA:3,4
DA:7,6
DA:17,6
DA:18,6
DA:21,1
DA:23,5
DA:28,3
DA:29,3
DA:30,3
DA:33,3
DA:34,3
DA:35,1
DA:37,2
DA:38,1
DA:40,1
DA:45,1
DA:47,0
DA:52,1
DA:53,1
DA:54,1
DA:57,1
DA:58,1
DA:59,0
DA:61,1
DA:66,1
DA:68,0
DA:73,1
DA:74,1
DA:75,1
DA:76,1
DA:77,1
DA:78,1
DA:94,1
DA:101,0
DA:106,1
DA:107,1
DA:130,1
DA:132,0
DA:137,1
DA:138,1
DA:139,1
DA:162,1
DA:163,1
DA:165,0
DA:170,2
DA:171,2
DA:172,2
DA:194,1
DA:195,1
DA:197,1
DA:202,2
DA:211,2
DA:212,2
DA:213,2
DA:214,2
DA:215,2
DA:223,1
DA:227,1
DA:233,2
DA:234,2
DA:235,2
DA:236,2
DA:242,2
DA:258,1
DA:262,1
DA:264,1
DA:269,2
DA:270,2
DA:271,2
DA:272,2
DA:274,2
DA:275,2
DA:276,2
DA:277,2
DA:286,1
DA:288,1
DA:293,4
LF:79
LH:73
BRDA:33,0,0,0
BRDA:33,0,1,3
BRDA:34,1,0,1
BRDA:34,1,1,2
BRDA:34,2,0,3
BRDA:34,2,1,1
BRDA:37,3,0,1
BRDA:37,3,1,1
BRDA:57,4,0,0
BRDA:57,4,1,1
BRDA:58,5,0,0
BRDA:58,5,1,1
BRDA:76,6,0,0
BRDA:76,6,1,1
BRDA:77,7,0,0
BRDA:77,7,1,1
BRDA:162,8,0,0
BRDA:162,8,1,1
BRDA:194,9,0,0
BRDA:194,9,1,1
BRDA:214,10,0,0
BRDA:214,10,1,2
BRDA:236,11,0,0
BRDA:236,11,1,2
BRDA:272,12,0,0
BRDA:272,12,1,2
BRDA:276,13,0,0
BRDA:276,13,1,2
BRF:28
BRH:17
end_of_record
TN:
SF:controllers\UserLocationController.js
FN:4,(anonymous_0)
FN:26,(anonymous_1)
FN:55,(anonymous_2)
FNF:3
FNH:3
FNDA:3,(anonymous_0)
FNDA:2,(anonymous_1)
FNDA:1,(anonymous_2)
DA:1,4
DA:5,3
DA:6,3
DA:7,3
DA:8,3
DA:9,1
DA:10,2
DA:16,1
DA:20,1
DA:21,1
DA:27,2
DA:28,2
DA:29,2
DA:49,1
DA:51,1
DA:56,1
DA:57,1
DA:64,1
DA:66,0
DA:71,4
LF:20
LH:19
BRDA:8,0,0,1
BRDA:8,0,1,2
BRDA:8,1,0,3
BRDA:8,1,1,2
BRDA:8,1,2,2
BRF:5
BRH:5
end_of_record
TN:
SF:helpers\bcrypt.js
FN:3,(anonymous_0)
FN:7,(anonymous_1)
FNF:2
FNH:2
FNDA:8,(anonymous_0)
FNDA:3,(anonymous_1)
DA:1,4
DA:3,4
DA:4,8
DA:7,4
DA:8,3
DA:11,4
LF:6
LH:6
BRF:0
BRH:0
end_of_record
TN:
SF:helpers\jwt.js
FN:3,(anonymous_0)
FN:7,(anonymous_1)
FNF:2
FNH:2
FNDA:8,(anonymous_0)
FNDA:38,(anonymous_1)
DA:1,4
DA:3,4
DA:4,8
DA:7,4
DA:8,38
DA:11,4
LF:6
LH:6
BRF:0
BRH:0
end_of_record
TN:
SF:middlewares\DeleteAuthorization.js
FN:3,(anonymous_0)
FNF:1
FNH:1
FNDA:2,(anonymous_0)
DA:1,4
DA:3,4
DA:4,2
DA:5,2
DA:6,2
DA:7,2
DA:8,2
DA:9,2
DA:11,0
DA:15,4
LF:10
LH:9
BRDA:7,0,0,0
BRDA:7,0,1,2
BRDA:8,1,0,0
BRDA:8,1,1,2
BRF:4
BRH:2
end_of_record
TN:
SF:middlewares\ErrorHandler.js
FN:1,(anonymous_0)
FNF:1
FNH:1
FNDA:22,(anonymous_0)
DA:1,4
DA:3,22
DA:5,6
DA:6,6
DA:8,0
DA:11,0
DA:13,1
DA:14,1
DA:16,1
DA:17,1
DA:19,1
DA:20,1
DA:22,0
DA:23,0
DA:25,0
DA:26,0
DA:28,1
DA:29,1
DA:31,0
DA:32,0
DA:34,0
DA:35,0
DA:37,1
DA:38,1
DA:40,11
DA:41,11
DA:45,4
LF:27
LH:17
BRDA:3,0,0,6
BRDA:3,0,1,0
BRDA:3,0,2,1
BRDA:3,0,3,1
BRDA:3,0,4,1
BRDA:3,0,5,0
BRDA:3,0,6,0
BRDA:3,0,7,1
BRDA:3,0,8,0
BRDA:3,0,9,0
BRDA:3,0,10,1
BRDA:3,0,11,11
BRF:12
BRH:7
end_of_record
TN:
SF:middlewares\UpdateUserAuthorization.js
FN:3,(anonymous_0)
FNF:1
FNH:1
FNDA:2,(anonymous_0)
DA:1,4
DA:3,4
DA:4,2
DA:5,2
DA:6,2
DA:7,2
DA:8,2
DA:9,0
DA:11,2
DA:13,0
DA:17,4
LF:11
LH:9
BRDA:7,0,0,0
BRDA:7,0,1,2
BRDA:8,1,0,0
BRDA:8,1,1,2
BRDA:8,2,0,2
BRDA:8,2,1,0
BRF:6
BRH:3
end_of_record
TN:
SF:middlewares\authentication.js
FN:4,(anonymous_0)
FNF:1
FNH:1
FNDA:38,(anonymous_0)
DA:1,4
DA:2,4
DA:4,4
DA:5,38
DA:6,38
DA:7,38
DA:8,37
DA:11,37
DA:12,37
DA:19,37
DA:21,1
DA:25,4
LF:12
LH:12
BRDA:11,0,0,0
BRDA:11,0,1,37
BRF:2
BRH:1
end_of_record
TN:
SF:models\index.js
FN:20,(anonymous_0)
FN:23,(anonymous_1)
FN:28,(anonymous_2)
FNF:3
FNH:3
FNDA:20,(anonymous_0)
FNDA:16,(anonymous_1)
FNDA:16,(anonymous_2)
DA:3,4
DA:4,4
DA:5,4
DA:6,4
DA:7,4
DA:8,4
DA:9,4
DA:12,4
DA:13,0
DA:15,4
DA:18,4
DA:21,20
DA:24,16
DA:25,16
DA:28,4
DA:29,16
DA:30,16
DA:34,4
DA:35,4
DA:37,4
LF:20
LH:19
BRDA:7,0,0,4
BRDA:7,0,1,0
BRDA:12,1,0,0
BRDA:12,1,1,4
BRDA:21,2,0,20
BRDA:21,2,1,20
BRDA:21,2,2,16
BRDA:29,3,0,16
BRDA:29,3,1,0
BRF:9
BRH:6
end_of_record
TN:
SF:models\officialletter.js
FN:3,(anonymous_0)
FN:10,(anonymous_1)
FNF:2
FNH:2
FNDA:4,(anonymous_0)
FNDA:4,(anonymous_1)
DA:2,4
DA:3,4
DA:12,4
DA:15,4
DA:20,4
DA:78,4
LF:6
LH:6
BRF:0
BRH:0
end_of_record
TN:
SF:models\reimbursement.js
FN:3,(anonymous_0)
FN:10,(anonymous_1)
FNF:2
FNH:2
FNDA:4,(anonymous_0)
FNDA:4,(anonymous_1)
DA:2,4
DA:3,4
DA:12,4
DA:17,4
DA:75,4
LF:5
LH:5
BRF:0
BRH:0
end_of_record
TN:
SF:models\user.js
FN:4,(anonymous_0)
FN:11,(anonymous_1)
FN:100,(anonymous_2)
FN:103,(anonymous_3)
FNF:4
FNH:4
FNDA:4,(anonymous_0)
FNDA:4,(anonymous_1)
FNDA:7,(anonymous_2)
FNDA:1,(anonymous_3)
DA:2,4
DA:3,4
DA:4,4
DA:13,4
DA:16,4
DA:21,4
DA:100,4
DA:101,7
DA:103,4
DA:104,1
DA:106,4
LF:11
LH:11
BRF:0
BRH:0
end_of_record
TN:
SF:models\userlocation.js
FN:3,(anonymous_0)
FN:10,(anonymous_1)
FNF:2
FNH:2
FNDA:4,(anonymous_0)
FNDA:4,(anonymous_1)
DA:2,4
DA:3,4
DA:12,4
DA:17,4
DA:29,4
LF:5
LH:5
BRF:0
BRH:0
end_of_record
TN:
SF:routes\LetterRoute.js
FNF:0
FNH:0
DA:1,4
DA:2,4
DA:4,4
DA:6,4
DA:11,4
DA:16,4
DA:18,4
DA:24,4
LF:8
LH:8
BRF:0
BRH:0
end_of_record
TN:
SF:routes\ReimbursementRoute.js
FNF:0
FNH:0
DA:1,4
DA:2,4
DA:4,4
DA:7,4
DA:9,4
DA:12,4
DA:18,4
DA:21,4
DA:27,4
LF:9
LH:9
BRF:0
BRH:0
end_of_record
TN:
SF:routes\UserLocationRoute.js
FNF:0
FNH:0
DA:1,4
DA:2,4
DA:4,4
DA:6,4
DA:11,4
DA:13,4
LF:6
LH:6
BRF:0
BRH:0
end_of_record
TN:
SF:routes\UserRoute.js
FNF:0
FNH:0
DA:1,4
DA:2,4
DA:3,4
DA:4,4
DA:6,4
DA:8,4
DA:10,4
DA:12,4
DA:14,4
DA:16,4
DA:18,4
DA:20,4
LF:12
LH:12
BRF:0
BRH:0
end_of_record
TN:
SF:routes\index.js
FNF:0
FNH:0
DA:1,4
DA:2,4
DA:3,4
DA:4,4
DA:5,4
DA:6,4
DA:7,4
DA:9,4
DA:11,4
DA:13,4
DA:16,4
DA:17,4
DA:18,4
DA:19,4
DA:20,4
DA:22,4
LF:16
LH:16
BRF:0
BRH:0
end_of_record
TN:
SF:services\toPdf.js
FN:3,(anonymous_0)
FNF:1
FNH:1
FNDA:1,(anonymous_0)
DA:1,4
DA:3,4
DA:4,1
DA:5,1
DA:6,1
DA:7,1
DA:9,1
DA:10,1
DA:11,1
DA:12,1
DA:13,1
DA:14,1
DA:15,1
DA:16,1
DA:17,1
DA:18,1
DA:19,1
DA:20,1
DA:21,1
DA:22,1
DA:23,1
DA:25,1
DA:27,1
DA:28,1
DA:30,1
DA:31,1
DA:33,1
DA:36,4
LF:28
LH:28
BRF:0
BRH:0
end_of_record
